Command line invocation:
    /Applications/Xcode.app/Contents/Developer/usr/bin/xcodebuild -workspace CardEvent.xcworkspace -scheme CardEvent -destination "platform=iOS Simulator,name=iPhone 17" -derivedDataPath build/CardEventDerivedData clean build

CreateBuildRequest

SendProjectDescription

CreateBuildOperation

** CLEAN SUCCEEDED **

ComputePackagePrebuildTargetDependencyGraph

Prepare packages

CreateBuildRequest

SendProjectDescription

CreateBuildOperation

ComputeTargetDependencyGraph
note: Building targets in dependency order
note: Target dependency graph (1 target)
    Target 'CardEvent' in project 'CardEvent' (no dependencies)

GatherProvisioningInputs

CreateBuildDescription

ExecuteExternalTool /Applications/Xcode.app/Contents/Developer/Toolchains/XcodeDefault.xctoolchain/usr/bin/clang -v -E -dM -isysroot /Applications/Xcode.app/Contents/Developer/Platforms/iPhoneSimulator.platform/Developer/SDKs/iPhoneSimulator26.4.sdk -x c -c /dev/null

ExecuteExternalTool /Applications/Xcode.app/Contents/Developer/usr/bin/actool --print-asset-tag-combinations --output-format xml1 /Users/franck/Desktop/Viendez.com/xcode/CardEvent/CardEvent/Assets.xcassets

ExecuteExternalTool /Applications/Xcode.app/Contents/Developer/usr/bin/actool --version --output-format xml1

ExecuteExternalTool /Applications/Xcode.app/Contents/Developer/Toolchains/XcodeDefault.xctoolchain/usr/bin/swiftc --version

ExecuteExternalTool /Applications/Xcode.app/Contents/Developer/Toolchains/XcodeDefault.xctoolchain/usr/bin/ld -version_details

Build description signature: 76dfee65964b5ff6c3c4bce400ee419b
Build description path: /Users/franck/Desktop/Viendez.com/xcode/build/CardEventDerivedData/Build/Intermediates.noindex/XCBuildData/76dfee65964b5ff6c3c4bce400ee419b.xcbuilddata
ClangStatCache /Applications/Xcode.app/Contents/Developer/Toolchains/XcodeDefault.xctoolchain/usr/bin/clang-stat-cache /Applications/Xcode.app/Contents/Developer/Platforms/iPhoneSimulator.platform/Developer/SDKs/iPhoneSimulator26.4.sdk /Users/franck/Desktop/Viendez.com/xcode/build/CardEventDerivedData/SDKStatCaches.noindex/iphonesimulator26.4-23E237-686eebb5dc1d8ecb277353a59184f4aa.sdkstatcache
    cd /Users/franck/Desktop/Viendez.com/xcode
    /Applications/Xcode.app/Contents/Developer/Toolchains/XcodeDefault.xctoolchain/usr/bin/clang-stat-cache /Applications/Xcode.app/Contents/Developer/Platforms/iPhoneSimulator.platform/Developer/SDKs/iPhoneSimulator26.4.sdk -o /Users/franck/Desktop/Viendez.com/xcode/build/CardEventDerivedData/SDKStatCaches.noindex/iphonesimulator26.4-23E237-686eebb5dc1d8ecb277353a59184f4aa.sdkstatcache

CreateBuildDirectory /Users/franck/Desktop/Viendez.com/xcode/build/CardEventDerivedData/Build/Products
    cd /Users/franck/Desktop/Viendez.com/xcode
    builtin-create-build-directory /Users/franck/Desktop/Viendez.com/xcode/build/CardEventDerivedData/Build/Products

CreateBuildDirectory /Users/franck/Desktop/Viendez.com/xcode/build/CardEventDerivedData/Build/Intermediates.noindex
    cd /Users/franck/Desktop/Viendez.com/xcode
    builtin-create-build-directory /Users/franck/Desktop/Viendez.com/xcode/build/CardEventDerivedData/Build/Intermediates.noindex

CreateBuildDirectory /Users/franck/Desktop/Viendez.com/xcode/build/CardEventDerivedData/Build/Intermediates.noindex/SwiftExplicitPrecompiledModules
    cd /Users/franck/Desktop/Viendez.com/xcode
    builtin-create-build-directory /Users/franck/Desktop/Viendez.com/xcode/build/CardEventDerivedData/Build/Intermediates.noindex/SwiftExplicitPrecompiledModules

CreateBuildDirectory /Users/franck/Desktop/Viendez.com/xcode/build/CardEventDerivedData/Build/Intermediates.noindex/ExplicitPrecompiledModules
    cd /Users/franck/Desktop/Viendez.com/xcode
    builtin-create-build-directory /Users/franck/Desktop/Viendez.com/xcode/build/CardEventDerivedData/Build/Intermediates.noindex/ExplicitPrecompiledModules

WriteAuxiliaryFile /Users/franck/Desktop/Viendez.com/xcode/build/CardEventDerivedData/Build/Intermediates.noindex/CardEvent.build/Debug-iphonesimulator/CardEvent-20d078156061c12a1e671d5d1e9000c0-VFS-iphonesimulator/all-product-headers.yaml
    cd /Users/franck/Desktop/Viendez.com/xcode
    write-file /Users/franck/Desktop/Viendez.com/xcode/build/CardEventDerivedData/Build/Intermediates.noindex/CardEvent.build/Debug-iphonesimulator/CardEvent-20d078156061c12a1e671d5d1e9000c0-VFS-iphonesimulator/all-product-headers.yaml

CreateBuildDirectory /Users/franck/Desktop/Viendez.com/xcode/build/CardEventDerivedData/Build/Intermediates.noindex/EagerLinkingTBDs/Debug-iphonesimulator
    cd /Users/franck/Desktop/Viendez.com/xcode
    builtin-create-build-directory /Users/franck/Desktop/Viendez.com/xcode/build/CardEventDerivedData/Build/Intermediates.noindex/EagerLinkingTBDs/Debug-iphonesimulator

CreateBuildDirectory /Users/franck/Desktop/Viendez.com/xcode/build/CardEventDerivedData/Build/Products/Debug-iphonesimulator
    cd /Users/franck/Desktop/Viendez.com/xcode
    builtin-create-build-directory /Users/franck/Desktop/Viendez.com/xcode/build/CardEventDerivedData/Build/Products/Debug-iphonesimulator

WriteAuxiliaryFile /Users/franck/Desktop/Viendez.com/xcode/build/CardEventDerivedData/Build/Intermediates.noindex/CardEvent.build/Debug-iphonesimulator/CardEvent.build/CardEvent-project-headers.hmap (in target 'CardEvent' from project 'CardEvent')
    cd /Users/franck/Desktop/Viendez.com/xcode/CardEvent
    write-file /Users/franck/Desktop/Viendez.com/xcode/build/CardEventDerivedData/Build/Intermediates.noindex/CardEvent.build/Debug-iphonesimulator/CardEvent.build/CardEvent-project-headers.hmap

WriteAuxiliaryFile /Users/franck/Desktop/Viendez.com/xcode/build/CardEventDerivedData/Build/Intermediates.noindex/CardEvent.build/Debug-iphonesimulator/CardEvent.build/CardEvent.hmap (in target 'CardEvent' from project 'CardEvent')
    cd /Users/franck/Desktop/Viendez.com/xcode/CardEvent
    write-file /Users/franck/Desktop/Viendez.com/xcode/build/CardEventDerivedData/Build/Intermediates.noindex/CardEvent.build/Debug-iphonesimulator/CardEvent.build/CardEvent.hmap

WriteAuxiliaryFile /Users/franck/Desktop/Viendez.com/xcode/build/CardEventDerivedData/Build/Intermediates.noindex/CardEvent.build/Debug-iphonesimulator/CardEvent.build/CardEvent.DependencyStaticMetadataFileList (in target 'CardEvent' from project 'CardEvent')
    cd /Users/franck/Desktop/Viendez.com/xcode/CardEvent
    write-file /Users/franck/Desktop/Viendez.com/xcode/build/CardEventDerivedData/Build/Intermediates.noindex/CardEvent.build/Debug-iphonesimulator/CardEvent.build/CardEvent.DependencyStaticMetadataFileList

WriteAuxiliaryFile /Users/franck/Desktop/Viendez.com/xcode/build/CardEventDerivedData/Build/Intermediates.noindex/CardEvent.build/Debug-iphonesimulator/CardEvent.build/CardEvent-generated-files.hmap (in target 'CardEvent' from project 'CardEvent')
    cd /Users/franck/Desktop/Viendez.com/xcode/CardEvent
    write-file /Users/franck/Desktop/Viendez.com/xcode/build/CardEventDerivedData/Build/Intermediates.noindex/CardEvent.build/Debug-iphonesimulator/CardEvent.build/CardEvent-generated-files.hmap

WriteAuxiliaryFile /Users/franck/Desktop/Viendez.com/xcode/build/CardEventDerivedData/Build/Intermediates.noindex/CardEvent.build/Debug-iphonesimulator/CardEvent.build/CardEvent-own-target-headers.hmap (in target 'CardEvent' from project 'CardEvent')
    cd /Users/franck/Desktop/Viendez.com/xcode/CardEvent
    write-file /Users/franck/Desktop/Viendez.com/xcode/build/CardEventDerivedData/Build/Intermediates.noindex/CardEvent.build/Debug-iphonesimulator/CardEvent.build/CardEvent-own-target-headers.hmap

WriteAuxiliaryFile /Users/franck/Desktop/Viendez.com/xcode/build/CardEventDerivedData/Build/Intermediates.noindex/CardEvent.build/Debug-iphonesimulator/CardEvent.build/CardEvent-all-target-headers.hmap (in target 'CardEvent' from project 'CardEvent')
    cd /Users/franck/Desktop/Viendez.com/xcode/CardEvent
    write-file /Users/franck/Desktop/Viendez.com/xcode/build/CardEventDerivedData/Build/Intermediates.noindex/CardEvent.build/Debug-iphonesimulator/CardEvent.build/CardEvent-all-target-headers.hmap

WriteAuxiliaryFile /Users/franck/Desktop/Viendez.com/xcode/build/CardEventDerivedData/Build/Intermediates.noindex/CardEvent.build/Debug-iphonesimulator/CardEvent.build/DerivedSources/Entitlements-Simulated.plist (in target 'CardEvent' from project 'CardEvent')
    cd /Users/franck/Desktop/Viendez.com/xcode/CardEvent
    write-file /Users/franck/Desktop/Viendez.com/xcode/build/CardEventDerivedData/Build/Intermediates.noindex/CardEvent.build/Debug-iphonesimulator/CardEvent.build/DerivedSources/Entitlements-Simulated.plist

WriteAuxiliaryFile /Users/franck/Desktop/Viendez.com/xcode/build/CardEventDerivedData/Build/Intermediates.noindex/CardEvent.build/Debug-iphonesimulator/CardEvent.build/CardEvent-all-non-framework-target-headers.hmap (in target 'CardEvent' from project 'CardEvent')
    cd /Users/franck/Desktop/Viendez.com/xcode/CardEvent
    write-file /Users/franck/Desktop/Viendez.com/xcode/build/CardEventDerivedData/Build/Intermediates.noindex/CardEvent.build/Debug-iphonesimulator/CardEvent.build/CardEvent-all-non-framework-target-headers.hmap

WriteAuxiliaryFile /Users/franck/Desktop/Viendez.com/xcode/build/CardEventDerivedData/Build/Intermediates.noindex/CardEvent.build/Debug-iphonesimulator/CardEvent.build/Objects-normal/arm64/CardEvent.SwiftConstValuesFileList (in target 'CardEvent' from project 'CardEvent')
    cd /Users/franck/Desktop/Viendez.com/xcode/CardEvent
    write-file /Users/franck/Desktop/Viendez.com/xcode/build/CardEventDerivedData/Build/Intermediates.noindex/CardEvent.build/Debug-iphonesimulator/CardEvent.build/Objects-normal/arm64/CardEvent.SwiftConstValuesFileList

WriteAuxiliaryFile /Users/franck/Desktop/Viendez.com/xcode/build/CardEventDerivedData/Build/Intermediates.noindex/CardEvent.build/Debug-iphonesimulator/CardEvent.build/Objects-normal/arm64/CardEvent_const_extract_protocols.json (in target 'CardEvent' from project 'CardEvent')
    cd /Users/franck/Desktop/Viendez.com/xcode/CardEvent
    write-file /Users/franck/Desktop/Viendez.com/xcode/build/CardEventDerivedData/Build/Intermediates.noindex/CardEvent.build/Debug-iphonesimulator/CardEvent.build/Objects-normal/arm64/CardEvent_const_extract_protocols.json

WriteAuxiliaryFile /Users/franck/Desktop/Viendez.com/xcode/build/CardEventDerivedData/Build/Intermediates.noindex/CardEvent.build/Debug-iphonesimulator/CardEvent.build/Objects-normal/arm64/CardEvent.LinkFileList (in target 'CardEvent' from project 'CardEvent')
    cd /Users/franck/Desktop/Viendez.com/xcode/CardEvent
    write-file /Users/franck/Desktop/Viendez.com/xcode/build/CardEventDerivedData/Build/Intermediates.noindex/CardEvent.build/Debug-iphonesimulator/CardEvent.build/Objects-normal/arm64/CardEvent.LinkFileList

WriteAuxiliaryFile /Users/franck/Desktop/Viendez.com/xcode/build/CardEventDerivedData/Build/Intermediates.noindex/CardEvent.build/Debug-iphonesimulator/CardEvent.build/Objects-normal/arm64/CardEvent-OutputFileMap.json (in target 'CardEvent' from project 'CardEvent')
    cd /Users/franck/Desktop/Viendez.com/xcode/CardEvent
    write-file /Users/franck/Desktop/Viendez.com/xcode/build/CardEventDerivedData/Build/Intermediates.noindex/CardEvent.build/Debug-iphonesimulator/CardEvent.build/Objects-normal/arm64/CardEvent-OutputFileMap.json

WriteAuxiliaryFile /Users/franck/Desktop/Viendez.com/xcode/build/CardEventDerivedData/Build/Intermediates.noindex/CardEvent.build/Debug-iphonesimulator/CardEvent.build/Objects-normal/arm64/CardEvent.SwiftFileList (in target 'CardEvent' from project 'CardEvent')
    cd /Users/franck/Desktop/Viendez.com/xcode/CardEvent
    write-file /Users/franck/Desktop/Viendez.com/xcode/build/CardEventDerivedData/Build/Intermediates.noindex/CardEvent.build/Debug-iphonesimulator/CardEvent.build/Objects-normal/arm64/CardEvent.SwiftFileList

WriteAuxiliaryFile /Users/franck/Desktop/Viendez.com/xcode/build/CardEventDerivedData/Build/Intermediates.noindex/CardEvent.build/Debug-iphonesimulator/CardEvent.build/CardEvent.DependencyMetadataFileList (in target 'CardEvent' from project 'CardEvent')
    cd /Users/franck/Desktop/Viendez.com/xcode/CardEvent
    write-file /Users/franck/Desktop/Viendez.com/xcode/build/CardEventDerivedData/Build/Intermediates.noindex/CardEvent.build/Debug-iphonesimulator/CardEvent.build/CardEvent.DependencyMetadataFileList

WriteAuxiliaryFile /Users/franck/Desktop/Viendez.com/xcode/build/CardEventDerivedData/Build/Intermediates.noindex/CardEvent.build/Debug-iphonesimulator/CardEvent.build/CardEvent-DebugDylibInstallName-normal-arm64.txt (in target 'CardEvent' from project 'CardEvent')
    cd /Users/franck/Desktop/Viendez.com/xcode/CardEvent
    write-file /Users/franck/Desktop/Viendez.com/xcode/build/CardEventDerivedData/Build/Intermediates.noindex/CardEvent.build/Debug-iphonesimulator/CardEvent.build/CardEvent-DebugDylibInstallName-normal-arm64.txt

WriteAuxiliaryFile /Users/franck/Desktop/Viendez.com/xcode/build/CardEventDerivedData/Build/Intermediates.noindex/CardEvent.build/Debug-iphonesimulator/CardEvent.build/CardEvent-DebugDylibPath-normal-arm64.txt (in target 'CardEvent' from project 'CardEvent')
    cd /Users/franck/Desktop/Viendez.com/xcode/CardEvent
    write-file /Users/franck/Desktop/Viendez.com/xcode/build/CardEventDerivedData/Build/Intermediates.noindex/CardEvent.build/Debug-iphonesimulator/CardEvent.build/CardEvent-DebugDylibPath-normal-arm64.txt

MkDir /Users/franck/Desktop/Viendez.com/xcode/build/CardEventDerivedData/Build/Products/Debug-iphonesimulator/CardEvent.app (in target 'CardEvent' from project 'CardEvent')
    cd /Users/franck/Desktop/Viendez.com/xcode/CardEvent
    /bin/mkdir -p /Users/franck/Desktop/Viendez.com/xcode/build/CardEventDerivedData/Build/Products/Debug-iphonesimulator/CardEvent.app

ProcessProductPackaging "" /Users/franck/Desktop/Viendez.com/xcode/build/CardEventDerivedData/Build/Intermediates.noindex/CardEvent.build/Debug-iphonesimulator/CardEvent.build/CardEvent.app-Simulated.xcent (in target 'CardEvent' from project 'CardEvent')
    cd /Users/franck/Desktop/Viendez.com/xcode/CardEvent
    
    Entitlements:
    
    {
    "application-identifier" = "5L3569V4B3.com.franck.cardevent";
}
    
    builtin-productPackagingUtility -entitlements -format xml -o /Users/franck/Desktop/Viendez.com/xcode/build/CardEventDerivedData/Build/Intermediates.noindex/CardEvent.build/Debug-iphonesimulator/CardEvent.build/CardEvent.app-Simulated.xcent

ProcessProductPackagingDER /Users/franck/Desktop/Viendez.com/xcode/build/CardEventDerivedData/Build/Intermediates.noindex/CardEvent.build/Debug-iphonesimulator/CardEvent.build/CardEvent.app-Simulated.xcent /Users/franck/Desktop/Viendez.com/xcode/build/CardEventDerivedData/Build/Intermediates.noindex/CardEvent.build/Debug-iphonesimulator/CardEvent.build/CardEvent.app-Simulated.xcent.der (in target 'CardEvent' from project 'CardEvent')
    cd /Users/franck/Desktop/Viendez.com/xcode/CardEvent
    /usr/bin/derq query -f xml -i /Users/franck/Desktop/Viendez.com/xcode/build/CardEventDerivedData/Build/Intermediates.noindex/CardEvent.build/Debug-iphonesimulator/CardEvent.build/CardEvent.app-Simulated.xcent -o /Users/franck/Desktop/Viendez.com/xcode/build/CardEventDerivedData/Build/Intermediates.noindex/CardEvent.build/Debug-iphonesimulator/CardEvent.build/CardEvent.app-Simulated.xcent.der --raw

Ld /Users/franck/Desktop/Viendez.com/xcode/build/CardEventDerivedData/Build/Products/Debug-iphonesimulator/CardEvent.app/__preview.dylib normal (in target 'CardEvent' from project 'CardEvent')
    cd /Users/franck/Desktop/Viendez.com/xcode/CardEvent
    /Applications/Xcode.app/Contents/Developer/Toolchains/XcodeDefault.xctoolchain/usr/bin/clang -Xlinker -reproducible -target arm64-apple-ios16.0-simulator -dynamiclib -isysroot /Applications/Xcode.app/Contents/Developer/Platforms/iPhoneSimulator.platform/Developer/SDKs/iPhoneSimulator26.4.sdk -O0 -L/Users/franck/Desktop/Viendez.com/xcode/build/CardEventDerivedData/Build/Products/Debug-iphonesimulator -F/Users/franck/Desktop/Viendez.com/xcode/build/CardEventDerivedData/Build/Products/Debug-iphonesimulator -install_name @rpath/CardEvent.debug.dylib -Xlinker -dead_strip -rdynamic -Xlinker -no_deduplicate -Xlinker -objc_abi_version -Xlinker 2 -Xlinker -dependency_info -Xlinker /Users/franck/Desktop/Viendez.com/xcode/build/CardEventDerivedData/Build/Intermediates.noindex/CardEvent.build/Debug-iphonesimulator/CardEvent.build/Objects-normal/arm64/CardEvent_dependency_info.dat -Xlinker -sectcreate -Xlinker __TEXT -Xlinker __entitlements -Xlinker /Users/franck/Desktop/Viendez.com/xcode/build/CardEventDerivedData/Build/Intermediates.noindex/CardEvent.build/Debug-iphonesimulator/CardEvent.build/CardEvent.app-Simulated.xcent -Xlinker -sectcreate -Xlinker __TEXT -Xlinker __ents_der -Xlinker /Users/franck/Desktop/Viendez.com/xcode/build/CardEventDerivedData/Build/Intermediates.noindex/CardEvent.build/Debug-iphonesimulator/CardEvent.build/CardEvent.app-Simulated.xcent.der -Xlinker -no_adhoc_codesign -o /Users/franck/Desktop/Viendez.com/xcode/build/CardEventDerivedData/Build/Products/Debug-iphonesimulator/CardEvent.app/__preview.dylib

GenerateAssetSymbols /Users/franck/Desktop/Viendez.com/xcode/CardEvent/CardEvent/Assets.xcassets (in target 'CardEvent' from project 'CardEvent')
    cd /Users/franck/Desktop/Viendez.com/xcode/CardEvent
    /Applications/Xcode.app/Contents/Developer/usr/bin/actool /Users/franck/Desktop/Viendez.com/xcode/CardEvent/CardEvent/Assets.xcassets --compile /Users/franck/Desktop/Viendez.com/xcode/build/CardEventDerivedData/Build/Products/Debug-iphonesimulator/CardEvent.app --output-format human-readable-text --notices --warnings --export-dependency-info /Users/franck/Desktop/Viendez.com/xcode/build/CardEventDerivedData/Build/Intermediates.noindex/CardEvent.build/Debug-iphonesimulator/CardEvent.build/assetcatalog_dependencies --output-partial-info-plist /Users/franck/Desktop/Viendez.com/xcode/build/CardEventDerivedData/Build/Intermediates.noindex/CardEvent.build/Debug-iphonesimulator/CardEvent.build/assetcatalog_generated_info.plist --app-icon AppIcon --accent-color AccentColor --compress-pngs --enable-on-demand-resources YES --development-region en --target-device iphone --target-device ipad --minimum-deployment-target 16.0 --platform iphonesimulator --bundle-identifier com.franck.cardevent --generate-swift-asset-symbol-extensions NO --generate-swift-asset-symbols /Users/franck/Desktop/Viendez.com/xcode/build/CardEventDerivedData/Build/Intermediates.noindex/CardEvent.build/Debug-iphonesimulator/CardEvent.build/DerivedSources/GeneratedAssetSymbols.swift --generate-objc-asset-symbols /Users/franck/Desktop/Viendez.com/xcode/build/CardEventDerivedData/Build/Intermediates.noindex/CardEvent.build/Debug-iphonesimulator/CardEvent.build/DerivedSources/GeneratedAssetSymbols.h --generate-asset-symbol-index /Users/franck/Desktop/Viendez.com/xcode/build/CardEventDerivedData/Build/Intermediates.noindex/CardEvent.build/Debug-iphonesimulator/CardEvent.build/DerivedSources/GeneratedAssetSymbols-Index.plist
/* com.apple.actool.document.warnings */
/Users/franck/Desktop/Viendez.com/xcode/CardEvent/CardEvent/Assets.xcassets:./AppIcon.appiconset/(null)[2d][icon-29@1x.png]: warning: The app icon set "AppIcon" has an unassigned child.
/Users/franck/Desktop/Viendez.com/xcode/CardEvent/CardEvent/Assets.xcassets:./AppIcon.appiconset/(null)[2d][icon-29@1x.png]: warning: The app icon set "AppIcon" has an unassigned child.
/* com.apple.actool.compilation-results */
/Users/franck/Desktop/Viendez.com/xcode/build/CardEventDerivedData/Build/Intermediates.noindex/CardEvent.build/Debug-iphonesimulator/CardEvent.build/DerivedSources/GeneratedAssetSymbols-Index.plist
/Users/franck/Desktop/Viendez.com/xcode/build/CardEventDerivedData/Build/Intermediates.noindex/CardEvent.build/Debug-iphonesimulator/CardEvent.build/DerivedSources/GeneratedAssetSymbols.h
/Users/franck/Desktop/Viendez.com/xcode/build/CardEventDerivedData/Build/Intermediates.noindex/CardEvent.build/Debug-iphonesimulator/CardEvent.build/DerivedSources/GeneratedAssetSymbols.swift


MkDir /Users/franck/Desktop/Viendez.com/xcode/build/CardEventDerivedData/Build/Intermediates.noindex/CardEvent.build/Debug-iphonesimulator/CardEvent.build/assetcatalog_output/unthinned (in target 'CardEvent' from project 'CardEvent')
    cd /Users/franck/Desktop/Viendez.com/xcode/CardEvent
    /bin/mkdir -p /Users/franck/Desktop/Viendez.com/xcode/build/CardEventDerivedData/Build/Intermediates.noindex/CardEvent.build/Debug-iphonesimulator/CardEvent.build/assetcatalog_output/unthinned

MkDir /Users/franck/Desktop/Viendez.com/xcode/build/CardEventDerivedData/Build/Intermediates.noindex/CardEvent.build/Debug-iphonesimulator/CardEvent.build/assetcatalog_output/thinned (in target 'CardEvent' from project 'CardEvent')
    cd /Users/franck/Desktop/Viendez.com/xcode/CardEvent
    /bin/mkdir -p /Users/franck/Desktop/Viendez.com/xcode/build/CardEventDerivedData/Build/Intermediates.noindex/CardEvent.build/Debug-iphonesimulator/CardEvent.build/assetcatalog_output/thinned

CompileAssetCatalogVariant thinned /Users/franck/Desktop/Viendez.com/xcode/build/CardEventDerivedData/Build/Products/Debug-iphonesimulator/CardEvent.app /Users/franck/Desktop/Viendez.com/xcode/CardEvent/CardEvent/Assets.xcassets (in target 'CardEvent' from project 'CardEvent')
    cd /Users/franck/Desktop/Viendez.com/xcode/CardEvent
    /Applications/Xcode.app/Contents/Developer/usr/bin/actool /Users/franck/Desktop/Viendez.com/xcode/CardEvent/CardEvent/Assets.xcassets --compile /Users/franck/Desktop/Viendez.com/xcode/build/CardEventDerivedData/Build/Intermediates.noindex/CardEvent.build/Debug-iphonesimulator/CardEvent.build/assetcatalog_output/thinned --output-format human-readable-text --notices --warnings --export-dependency-info /Users/franck/Desktop/Viendez.com/xcode/build/CardEventDerivedData/Build/Intermediates.noindex/CardEvent.build/Debug-iphonesimulator/CardEvent.build/assetcatalog_dependencies_thinned --output-partial-info-plist /Users/franck/Desktop/Viendez.com/xcode/build/CardEventDerivedData/Build/Intermediates.noindex/CardEvent.build/Debug-iphonesimulator/CardEvent.build/assetcatalog_generated_info.plist_thinned --app-icon AppIcon --accent-color AccentColor --compress-pngs --enable-on-demand-resources YES --filter-for-thinning-device-configuration iPhone18,3 --filter-for-device-os-version 26.4 --development-region en --target-device iphone --target-device ipad --minimum-deployment-target 16.0 --platform iphonesimulator
/* com.apple.actool.document.warnings */
/Users/franck/Desktop/Viendez.com/xcode/CardEvent/CardEvent/Assets.xcassets:./AppIcon.appiconset/(null)[2d][icon-29@1x.png]: warning: The app icon set "AppIcon" has an unassigned child.
/Users/franck/Desktop/Viendez.com/xcode/CardEvent/CardEvent/Assets.xcassets:./AppIcon.appiconset/(null)[2d][icon-29@1x.png]: warning: The app icon set "AppIcon" has an unassigned child.
/Users/franck/Desktop/Viendez.com/xcode/CardEvent/CardEvent/Assets.xcassets:./AppIcon.appiconset/(null)[2d][icon-29@1x.png]: warning: The app icon set "AppIcon" has an unassigned child.
/* com.apple.actool.document.notices */
/Users/franck/Desktop/Viendez.com/xcode/CardEvent/CardEvent/Assets.xcassets:./AppIcon.appiconset/[][ipad][76x76][][][1x][][][][]: notice: 76x76@1x app icons only apply to iPad apps targeting releases of iOS prior to 10.0.
/* com.apple.actool.compilation-results */
/Users/franck/Desktop/Viendez.com/xcode/build/CardEventDerivedData/Build/Intermediates.noindex/CardEvent.build/Debug-iphonesimulator/CardEvent.build/assetcatalog_generated_info.plist_thinned
/Users/franck/Desktop/Viendez.com/xcode/build/CardEventDerivedData/Build/Intermediates.noindex/CardEvent.build/Debug-iphonesimulator/CardEvent.build/assetcatalog_output/thinned/AppIcon60x60@2x.png
/Users/franck/Desktop/Viendez.com/xcode/build/CardEventDerivedData/Build/Intermediates.noindex/CardEvent.build/Debug-iphonesimulator/CardEvent.build/assetcatalog_output/thinned/AppIcon76x76@2x~ipad.png
/Users/franck/Desktop/Viendez.com/xcode/build/CardEventDerivedData/Build/Intermediates.noindex/CardEvent.build/Debug-iphonesimulator/CardEvent.build/assetcatalog_output/thinned/Assets.car


SwiftDriver CardEvent normal arm64 com.apple.xcode.tools.swift.compiler (in target 'CardEvent' from project 'CardEvent')
    cd /Users/franck/Desktop/Viendez.com/xcode/CardEvent
    builtin-SwiftDriver -- /Applications/Xcode.app/Contents/Developer/Toolchains/XcodeDefault.xctoolchain/usr/bin/swiftc -module-name CardEvent -Onone @/Users/franck/Desktop/Viendez.com/xcode/build/CardEventDerivedData/Build/Intermediates.noindex/CardEvent.build/Debug-iphonesimulator/CardEvent.build/Objects-normal/arm64/CardEvent.SwiftFileList -DDEBUG -enable-bare-slash-regex -enable-experimental-feature DebugDescriptionMacro -sdk /Applications/Xcode.app/Contents/Developer/Platforms/iPhoneSimulator.platform/Developer/SDKs/iPhoneSimulator26.4.sdk -target arm64-apple-ios16.0-simulator -g -module-cache-path /Users/franck/Desktop/Viendez.com/xcode/build/CardEventDerivedData/ModuleCache.noindex -Xfrontend -serialize-debugging-options -enable-testing -index-store-path /Users/franck/Desktop/Viendez.com/xcode/build/CardEventDerivedData/Index.noindex/DataStore -Xcc -D_LIBCPP_HARDENING_MODE\=_LIBCPP_HARDENING_MODE_DEBUG -swift-version 5 -I /Users/franck/Desktop/Viendez.com/xcode/build/CardEventDerivedData/Build/Products/Debug-iphonesimulator -F /Users/franck/Desktop/Viendez.com/xcode/build/CardEventDerivedData/Build/Products/Debug-iphonesimulator -emit-localized-strings -emit-localized-strings-path /Users/franck/Desktop/Viendez.com/xcode/build/CardEventDerivedData/Build/Intermediates.noindex/CardEvent.build/Debug-iphonesimulator/CardEvent.build/Objects-normal/arm64 -c -j14 -enable-batch-mode -incremental -Xcc -ivfsstatcache -Xcc /Users/franck/Desktop/Viendez.com/xcode/build/CardEventDerivedData/SDKStatCaches.noindex/iphonesimulator26.4-23E237-686eebb5dc1d8ecb277353a59184f4aa.sdkstatcache -output-file-map /Users/franck/Desktop/Viendez.com/xcode/build/CardEventDerivedData/Build/Intermediates.noindex/CardEvent.build/Debug-iphonesimulator/CardEvent.build/Objects-normal/arm64/CardEvent-OutputFileMap.json -use-frontend-parseable-output -save-temps -no-color-diagnostics -explicit-module-build -module-cache-path /Users/franck/Desktop/Viendez.com/xcode/build/CardEventDerivedData/Build/Intermediates.noindex/SwiftExplicitPrecompiledModules -clang-scanner-module-cache-path /Users/franck/Desktop/Viendez.com/xcode/build/CardEventDerivedData/ModuleCache.noindex -sdk-module-cache-path /Users/franck/Desktop/Viendez.com/xcode/build/CardEventDerivedData/ModuleCache.noindex -serialize-diagnostics -emit-dependencies -emit-module -emit-module-path /Users/franck/Desktop/Viendez.com/xcode/build/CardEventDerivedData/Build/Intermediates.noindex/CardEvent.build/Debug-iphonesimulator/CardEvent.build/Objects-normal/arm64/CardEvent.swiftmodule -validate-clang-modules-once -clang-build-session-file /Users/franck/Desktop/Viendez.com/xcode/build/CardEventDerivedData/ModuleCache.noindex/Session.modulevalidation -Xcc -I/Users/franck/Desktop/Viendez.com/xcode/build/CardEventDerivedData/Build/Intermediates.noindex/CardEvent.build/Debug-iphonesimulator/CardEvent.build/swift-overrides.hmap -emit-const-values -Xfrontend -const-gather-protocols-file -Xfrontend /Users/franck/Desktop/Viendez.com/xcode/build/CardEventDerivedData/Build/Intermediates.noindex/CardEvent.build/Debug-iphonesimulator/CardEvent.build/Objects-normal/arm64/CardEvent_const_extract_protocols.json -Xcc -iquote -Xcc /Users/franck/Desktop/Viendez.com/xcode/build/CardEventDerivedData/Build/Intermediates.noindex/CardEvent.build/Debug-iphonesimulator/CardEvent.build/CardEvent-generated-files.hmap -Xcc -I/Users/franck/Desktop/Viendez.com/xcode/build/CardEventDerivedData/Build/Intermediates.noindex/CardEvent.build/Debug-iphonesimulator/CardEvent.build/CardEvent-own-target-headers.hmap -Xcc -I/Users/franck/Desktop/Viendez.com/xcode/build/CardEventDerivedData/Build/Intermediates.noindex/CardEvent.build/Debug-iphonesimulator/CardEvent.build/CardEvent-all-target-headers.hmap -Xcc -iquote -Xcc /Users/franck/Desktop/Viendez.com/xcode/build/CardEventDerivedData/Build/Intermediates.noindex/CardEvent.build/Debug-iphonesimulator/CardEvent.build/CardEvent-project-headers.hmap -Xcc -I/Users/franck/Desktop/Viendez.com/xcode/build/CardEventDerivedData/Build/Products/Debug-iphonesimulator/include -Xcc -I/Users/franck/Desktop/Viendez.com/xcode/build/CardEventDerivedData/Build/Intermediates.noindex/CardEvent.build/Debug-iphonesimulator/CardEvent.build/DerivedSources-normal/arm64 -Xcc -I/Users/franck/Desktop/Viendez.com/xcode/build/CardEventDerivedData/Build/Intermediates.noindex/CardEvent.build/Debug-iphonesimulator/CardEvent.build/DerivedSources/arm64 -Xcc -I/Users/franck/Desktop/Viendez.com/xcode/build/CardEventDerivedData/Build/Intermediates.noindex/CardEvent.build/Debug-iphonesimulator/CardEvent.build/DerivedSources -Xcc -DDEBUG\=1 -emit-objc-header -emit-objc-header-path /Users/franck/Desktop/Viendez.com/xcode/build/CardEventDerivedData/Build/Intermediates.noindex/CardEvent.build/Debug-iphonesimulator/CardEvent.build/Objects-normal/arm64/CardEvent-Swift.h -working-directory /Users/franck/Desktop/Viendez.com/xcode/CardEvent -experimental-emit-module-separately -disable-cmo

SwiftExplicitDependencyGeneratePcm arm64 /Users/franck/Desktop/Viendez.com/xcode/build/CardEventDerivedData/ModuleCache.noindex/DeveloperToolsSupport-BDA58SOBKTLQN8KJX09RM5NL5.pcm

SwiftExplicitDependencyGeneratePcm arm64 /Users/franck/Desktop/Viendez.com/xcode/build/CardEventDerivedData/ModuleCache.noindex/_Builtin_stdarg-ELHBYJR4MV2A7OBDCSP0DJ926.pcm

SwiftExplicitDependencyGeneratePcm arm64 /Users/franck/Desktop/Viendez.com/xcode/build/CardEventDerivedData/ModuleCache.noindex/_SwiftConcurrencyShims-S9JZU10U6NEZ3CCL1D0L6Y2T.pcm

SwiftExplicitDependencyGeneratePcm arm64 /Users/franck/Desktop/Viendez.com/xcode/build/CardEventDerivedData/ModuleCache.noindex/_AvailabilityInternal-41TGKOAX4TREAHVJMQW7M8OK0.pcm

SwiftExplicitDependencyGeneratePcm arm64 /Users/franck/Desktop/Viendez.com/xcode/build/CardEventDerivedData/ModuleCache.noindex/ptrcheck-72DWYFH1V89IXO1B2T806PFEF.pcm

SwiftExplicitDependencyGeneratePcm arm64 /Users/franck/Desktop/Viendez.com/xcode/build/CardEventDerivedData/ModuleCache.noindex/_Builtin_float-C43T8KA4ZM1VAUY2NBF6PBJ04.pcm

SwiftExplicitDependencyGeneratePcm arm64 /Users/franck/Desktop/Viendez.com/xcode/build/CardEventDerivedData/ModuleCache.noindex/_Builtin_stddef-F3PKJNR4RUZII8BGCCACIS9ZW.pcm

SwiftExplicitDependencyGeneratePcm arm64 /Users/franck/Desktop/Viendez.com/xcode/build/CardEventDerivedData/ModuleCache.noindex/_Builtin_stdbool-3NPR9TJ4BXRBFHY0MNDPOCSYW.pcm

SwiftExplicitDependencyGeneratePcm arm64 /Users/franck/Desktop/Viendez.com/xcode/build/CardEventDerivedData/ModuleCache.noindex/SwiftShims-ZTU9UPP6PEAYWU5Y5IGIY7NV.pcm

SwiftExplicitDependencyGeneratePcm arm64 /Users/franck/Desktop/Viendez.com/xcode/build/CardEventDerivedData/ModuleCache.noindex/ptrauth-E0OOKXI71VJQY3VKDJZ9JPKYG.pcm

SwiftExplicitDependencyGeneratePcm arm64 /Users/franck/Desktop/Viendez.com/xcode/build/CardEventDerivedData/ModuleCache.noindex/_DarwinFoundation1-ARMGOES1A8BYAIDPDIBQ97VSO.pcm

SwiftExplicitDependencyGeneratePcm arm64 /Users/franck/Desktop/Viendez.com/xcode/build/CardEventDerivedData/ModuleCache.noindex/_Builtin_limits-CIW8CG9FRQVDM5CBP15D8VGRS.pcm

SwiftExplicitDependencyGeneratePcm arm64 /Users/franck/Desktop/Viendez.com/xcode/build/CardEventDerivedData/ModuleCache.noindex/_DarwinFoundation2-2X5IUNQDBTO2ROP70TYQDVTL9.pcm

SwiftExplicitDependencyGeneratePcm arm64 /Users/franck/Desktop/Viendez.com/xcode/build/CardEventDerivedData/ModuleCache.noindex/_Builtin_tgmath-419EL4UKECAJX50Q12MKI459H.pcm

SwiftExplicitDependencyGeneratePcm arm64 /Users/franck/Desktop/Viendez.com/xcode/build/CardEventDerivedData/ModuleCache.noindex/sys_types-D87Y90YUA42O5Z6W7F8MJQ2QP.pcm

SwiftExplicitDependencyGeneratePcm arm64 /Users/franck/Desktop/Viendez.com/xcode/build/CardEventDerivedData/ModuleCache.noindex/_Builtin_stdint-BVHP6T0I42A2DZCVJ2VRVM3CU.pcm

SwiftExplicitDependencyGeneratePcm arm64 /Users/franck/Desktop/Viendez.com/xcode/build/CardEventDerivedData/ModuleCache.noindex/_Builtin_stdatomic-E3DSNEJF23P2FQRF4JHDA6HBY.pcm

SwiftExplicitDependencyGeneratePcm arm64 /Users/franck/Desktop/Viendez.com/xcode/build/CardEventDerivedData/ModuleCache.noindex/_DarwinFoundation3-6HUTAIZS0381QQ88SEJCE5W3A.pcm

SwiftExplicitDependencyGeneratePcm arm64 /Users/franck/Desktop/Viendez.com/xcode/build/CardEventDerivedData/ModuleCache.noindex/_Builtin_intrinsics-A0V1OM4SRO0SMNZU0AAG9PT1M.pcm

SwiftExplicitDependencyGeneratePcm arm64 /Users/franck/Desktop/Viendez.com/xcode/build/CardEventDerivedData/ModuleCache.noindex/_Builtin_inttypes-EPKM0K644S1JKZ1F1NT7NO7GA.pcm

SwiftExplicitDependencyGeneratePcm arm64 /Users/franck/Desktop/Viendez.com/xcode/build/CardEventDerivedData/ModuleCache.noindex/Darwin-4FNI7BOOIU9SBTWJDDLO7YQZD.pcm

LinkAssetCatalog /Users/franck/Desktop/Viendez.com/xcode/CardEvent/CardEvent/Assets.xcassets (in target 'CardEvent' from project 'CardEvent')
    cd /Users/franck/Desktop/Viendez.com/xcode/CardEvent
    builtin-linkAssetCatalog --thinned /Users/franck/Desktop/Viendez.com/xcode/build/CardEventDerivedData/Build/Intermediates.noindex/CardEvent.build/Debug-iphonesimulator/CardEvent.build/assetcatalog_output/thinned --thinned-dependencies /Users/franck/Desktop/Viendez.com/xcode/build/CardEventDerivedData/Build/Intermediates.noindex/CardEvent.build/Debug-iphonesimulator/CardEvent.build/assetcatalog_dependencies_thinned --thinned-info-plist-content /Users/franck/Desktop/Viendez.com/xcode/build/CardEventDerivedData/Build/Intermediates.noindex/CardEvent.build/Debug-iphonesimulator/CardEvent.build/assetcatalog_generated_info.plist_thinned --unthinned /Users/franck/Desktop/Viendez.com/xcode/build/CardEventDerivedData/Build/Intermediates.noindex/CardEvent.build/Debug-iphonesimulator/CardEvent.build/assetcatalog_output/unthinned --unthinned-dependencies /Users/franck/Desktop/Viendez.com/xcode/build/CardEventDerivedData/Build/Intermediates.noindex/CardEvent.build/Debug-iphonesimulator/CardEvent.build/assetcatalog_dependencies_unthinned --unthinned-info-plist-content /Users/franck/Desktop/Viendez.com/xcode/build/CardEventDerivedData/Build/Intermediates.noindex/CardEvent.build/Debug-iphonesimulator/CardEvent.build/assetcatalog_generated_info.plist_unthinned --output /Users/franck/Desktop/Viendez.com/xcode/build/CardEventDerivedData/Build/Products/Debug-iphonesimulator/CardEvent.app --plist-output /Users/franck/Desktop/Viendez.com/xcode/build/CardEventDerivedData/Build/Intermediates.noindex/CardEvent.build/Debug-iphonesimulator/CardEvent.build/assetcatalog_generated_info.plist
note: Emplaced /Users/franck/Desktop/Viendez.com/xcode/build/CardEventDerivedData/Build/Products/Debug-iphonesimulator/CardEvent.app/AppIcon76x76@2x~ipad.png (in target 'CardEvent' from project 'CardEvent')
note: Emplaced /Users/franck/Desktop/Viendez.com/xcode/build/CardEventDerivedData/Build/Products/Debug-iphonesimulator/CardEvent.app/AppIcon60x60@2x.png (in target 'CardEvent' from project 'CardEvent')
note: Emplaced /Users/franck/Desktop/Viendez.com/xcode/build/CardEventDerivedData/Build/Products/Debug-iphonesimulator/CardEvent.app/Assets.car (in target 'CardEvent' from project 'CardEvent')

ProcessInfoPlistFile /Users/franck/Desktop/Viendez.com/xcode/build/CardEventDerivedData/Build/Products/Debug-iphonesimulator/CardEvent.app/Info.plist /Users/franck/Desktop/Viendez.com/xcode/CardEvent/CardEvent/Info.plist (in target 'CardEvent' from project 'CardEvent')
    cd /Users/franck/Desktop/Viendez.com/xcode/CardEvent
    builtin-infoPlistUtility /Users/franck/Desktop/Viendez.com/xcode/CardEvent/CardEvent/Info.plist -producttype com.apple.product-type.application -genpkginfo /Users/franck/Desktop/Viendez.com/xcode/build/CardEventDerivedData/Build/Products/Debug-iphonesimulator/CardEvent.app/PkgInfo -expandbuildsettings -format binary -platform iphonesimulator -additionalcontentfile /Users/franck/Desktop/Viendez.com/xcode/build/CardEventDerivedData/Build/Intermediates.noindex/CardEvent.build/Debug-iphonesimulator/CardEvent.build/assetcatalog_generated_info.plist -o /Users/franck/Desktop/Viendez.com/xcode/build/CardEventDerivedData/Build/Products/Debug-iphonesimulator/CardEvent.app/Info.plist

SwiftExplicitDependencyGeneratePcm arm64 /Users/franck/Desktop/Viendez.com/xcode/build/CardEventDerivedData/ModuleCache.noindex/simd-3DVLON96078OT58LWEL790YNY.pcm

SwiftExplicitDependencyGeneratePcm arm64 /Users/franck/Desktop/Viendez.com/xcode/build/CardEventDerivedData/ModuleCache.noindex/ObjectiveC-5I1KMJTJYL42VDW65Q08ZVDF3.pcm

SwiftExplicitDependencyGeneratePcm arm64 /Users/franck/Desktop/Viendez.com/xcode/build/CardEventDerivedData/ModuleCache.noindex/MachO-DUNWV5SY79UO37DXHJEWKA5C7.pcm

SwiftExplicitDependencyGeneratePcm arm64 /Users/franck/Desktop/Viendez.com/xcode/build/CardEventDerivedData/ModuleCache.noindex/os_object-C2E2R1GWIWC5HED6URF468N5N.pcm

SwiftExplicitDependencyGeneratePcm arm64 /Users/franck/Desktop/Viendez.com/xcode/build/CardEventDerivedData/ModuleCache.noindex/os_workgroup-1II2640VHJ0JWB2ALYWS3AQEW.pcm

SwiftExplicitDependencyGeneratePcm arm64 /Users/franck/Desktop/Viendez.com/xcode/build/CardEventDerivedData/ModuleCache.noindex/Spatial-5PKP74DLE0CPCJ2XDP5XZAZL5.pcm

SwiftExplicitDependencyGeneratePcm arm64 /Users/franck/Desktop/Viendez.com/xcode/build/CardEventDerivedData/ModuleCache.noindex/Dispatch-5IC1KZOJNR36FHTXAT2IMOFRO.pcm

SwiftExplicitDependencyGeneratePcm arm64 /Users/franck/Desktop/Viendez.com/xcode/build/CardEventDerivedData/ModuleCache.noindex/CoreFoundation-8S0L7FI44HGDCXGD9YMGPR3X1.pcm

SwiftExplicitDependencyGeneratePcm arm64 /Users/franck/Desktop/Viendez.com/xcode/build/CardEventDerivedData/ModuleCache.noindex/XPC-9I2U8F8S7COPTVLWZCNX28MQ9.pcm

SwiftExplicitDependencyGeneratePcm arm64 /Users/franck/Desktop/Viendez.com/xcode/build/CardEventDerivedData/ModuleCache.noindex/dnssd-AOGHW2W0JELLNU3UKGBJCQW78.pcm

SwiftExplicitDependencyGeneratePcm arm64 /Users/franck/Desktop/Viendez.com/xcode/build/CardEventDerivedData/ModuleCache.noindex/os-4ED1QY4ZA97JBT5ZKNGCJXIU7.pcm

SwiftExplicitDependencyGeneratePcm arm64 /Users/franck/Desktop/Viendez.com/xcode/build/CardEventDerivedData/ModuleCache.noindex/CoreGraphics-AD2EBV4NASHAB0Z8K3U7OHNLX.pcm

SwiftExplicitDependencyGeneratePcm arm64 /Users/franck/Desktop/Viendez.com/xcode/build/CardEventDerivedData/ModuleCache.noindex/CoreAudioTypes-97RVDONXXTAYW7VMA3R0IYS91.pcm

SwiftExplicitDependencyGeneratePcm arm64 /Users/franck/Desktop/Viendez.com/xcode/build/CardEventDerivedData/ModuleCache.noindex/CFNetwork-58FX6U00521YTHG1SBI023XR9.pcm

SwiftExplicitDependencyGeneratePcm arm64 /Users/franck/Desktop/Viendez.com/xcode/build/CardEventDerivedData/ModuleCache.noindex/Security-1JMGY322BWZESZKZZSJOOEUVP.pcm

SwiftExplicitDependencyGeneratePcm arm64 /Users/franck/Desktop/Viendez.com/xcode/build/CardEventDerivedData/ModuleCache.noindex/CoreAudio-6TI48DY0R6JZC6BZRPS2VN5P.pcm

SwiftExplicitDependencyGeneratePcm arm64 /Users/franck/Desktop/Viendez.com/xcode/build/CardEventDerivedData/ModuleCache.noindex/Foundation-AUVDZPM3LVXB88IU9MDS2EJZS.pcm

SwiftExplicitDependencyGeneratePcm arm64 /Users/franck/Desktop/Viendez.com/xcode/build/CardEventDerivedData/ModuleCache.noindex/CoreText-3R6G1FHPX3JITBGG9L0SD1L1X.pcm

SwiftExplicitDependencyGeneratePcm arm64 /Users/franck/Desktop/Viendez.com/xcode/build/CardEventDerivedData/ModuleCache.noindex/ImageIO-4888YNMCDKN0CTYHMRDORW82Z.pcm

SwiftExplicitDependencyGeneratePcm arm64 /Users/franck/Desktop/Viendez.com/xcode/build/CardEventDerivedData/ModuleCache.noindex/Accessibility-CRCFFOS3821BX344YYDMOM6FW.pcm

SwiftExplicitDependencyGeneratePcm arm64 /Users/franck/Desktop/Viendez.com/xcode/build/CardEventDerivedData/ModuleCache.noindex/OpenGLES-BI6NIGHAVBE5F6DD4JF5S87KV.pcm

SwiftExplicitDependencyGeneratePcm arm64 /Users/franck/Desktop/Viendez.com/xcode/build/CardEventDerivedData/ModuleCache.noindex/DataDetection-9WQS2IB8E68FX2DBJ0UE3PIXL.pcm

SwiftExplicitDependencyGeneratePcm arm64 /Users/franck/Desktop/Viendez.com/xcode/build/CardEventDerivedData/ModuleCache.noindex/CoreData-1JUZIPWXSSCQT2IJGL51DJBFG.pcm

SwiftExplicitDependencyGeneratePcm arm64 /Users/franck/Desktop/Viendez.com/xcode/build/CardEventDerivedData/ModuleCache.noindex/FileProvider-E2G284LF190QDW86FLM1UHNII.pcm

SwiftExplicitDependencyGeneratePcm arm64 /Users/franck/Desktop/Viendez.com/xcode/build/CardEventDerivedData/ModuleCache.noindex/CoreTransferable-BTDQGO9KOCD8XP2F1UVZKV5WC.pcm

SwiftExplicitDependencyGeneratePcm arm64 /Users/franck/Desktop/Viendez.com/xcode/build/CardEventDerivedData/ModuleCache.noindex/UniformTypeIdentifiers-2I7QF3GI9D8TF6UC5NYQLLHC1.pcm

SwiftExplicitDependencyGeneratePcm arm64 /Users/franck/Desktop/Viendez.com/xcode/build/CardEventDerivedData/ModuleCache.noindex/CoreMIDI-ECODP2VOKP7HTVIPXM6VNTBQX.pcm

SwiftExplicitDependencyGeneratePcm arm64 /Users/franck/Desktop/Viendez.com/xcode/build/CardEventDerivedData/ModuleCache.noindex/IOSurface-5ML5JMFQ83UV3CJ01OUU8OVFB.pcm

SwiftExplicitDependencyGeneratePcm arm64 /Users/franck/Desktop/Viendez.com/xcode/build/CardEventDerivedData/ModuleCache.noindex/UserNotifications-6BD3XIOIXXKUATCMYMZBZOQRL.pcm

SwiftExplicitDependencyGeneratePcm arm64 /Users/franck/Desktop/Viendez.com/xcode/build/CardEventDerivedData/ModuleCache.noindex/OSLog-CK2FZ74SOZ3PLLQDSMNIIWWBH.pcm

SwiftExplicitDependencyGeneratePcm arm64 /Users/franck/Desktop/Viendez.com/xcode/build/CardEventDerivedData/ModuleCache.noindex/Network-ADUAOG6I2BY0N4SBSYAL2PLCR.pcm

SwiftExplicitDependencyGeneratePcm arm64 /Users/franck/Desktop/Viendez.com/xcode/build/CardEventDerivedData/ModuleCache.noindex/UIUtilities-ESEMXJSZNNK0QN4VQPXGGEGD1.pcm

SwiftExplicitDependencyGeneratePcm arm64 /Users/franck/Desktop/Viendez.com/xcode/build/CardEventDerivedData/ModuleCache.noindex/Symbols-97CMWOJ3PSCLCE9IU8BH4GXTX.pcm

SwiftExplicitDependencyGeneratePcm arm64 /Users/franck/Desktop/Viendez.com/xcode/build/CardEventDerivedData/ModuleCache.noindex/Metal-D34FK24TCMO6FYB7I16WSFNCP.pcm

SwiftExplicitDependencyGeneratePcm arm64 /Users/franck/Desktop/Viendez.com/xcode/build/CardEventDerivedData/ModuleCache.noindex/AVRouting-BJCQ4BRRM4W2VR4AJS7II9FD8.pcm

SwiftExplicitDependencyGeneratePcm arm64 /Users/franck/Desktop/Viendez.com/xcode/build/CardEventDerivedData/ModuleCache.noindex/AudioToolbox-7KFKMYU66ZFFJQ35GQ8A92IWF.pcm

SwiftExplicitDependencyGeneratePcm arm64 /Users/franck/Desktop/Viendez.com/xcode/build/CardEventDerivedData/ModuleCache.noindex/CoreVideo-4KV30ZOJ0EVEVMOP6GXF8SH3X.pcm

SwiftExplicitDependencyGeneratePcm arm64 /Users/franck/Desktop/Viendez.com/xcode/build/CardEventDerivedData/ModuleCache.noindex/CoreMedia-2JE1R4XQ45ZT38P7MJAI3N4DH.pcm

SwiftExplicitDependencyGeneratePcm arm64 /Users/franck/Desktop/Viendez.com/xcode/build/CardEventDerivedData/ModuleCache.noindex/QuartzCore-4B7K1J137628JE2GGAGRV9PFQ.pcm

SwiftExplicitDependencyGeneratePcm arm64 /Users/franck/Desktop/Viendez.com/xcode/build/CardEventDerivedData/ModuleCache.noindex/CoreImage-DO8NJ0FZ0NCQ0F8S8HZPR0UN2.pcm

SwiftExplicitDependencyGeneratePcm arm64 /Users/franck/Desktop/Viendez.com/xcode/build/CardEventDerivedData/ModuleCache.noindex/SwiftUICore-5FWGJ4VRS66PAZ6RS7QPUZ1RC.pcm

SwiftExplicitDependencyGeneratePcm arm64 /Users/franck/Desktop/Viendez.com/xcode/build/CardEventDerivedData/ModuleCache.noindex/MediaToolbox-F0T964FL3KLYLD1YM60EYOYJV.pcm

SwiftExplicitDependencyGeneratePcm arm64 /Users/franck/Desktop/Viendez.com/xcode/build/CardEventDerivedData/ModuleCache.noindex/AVFAudio-7NEUBOYJ6EZLBZ8E7XJZ60V4Y.pcm

SwiftExplicitDependencyGeneratePcm arm64 /Users/franck/Desktop/Viendez.com/xcode/build/CardEventDerivedData/ModuleCache.noindex/UIKit-AQ9CMGRVY7X1XDZW18JXY64WQ.pcm

SwiftExplicitDependencyGeneratePcm arm64 /Users/franck/Desktop/Viendez.com/xcode/build/CardEventDerivedData/ModuleCache.noindex/AVFoundation-1JR5AHO4OPRD66MNIISU2D352.pcm

SwiftExplicitDependencyGeneratePcm arm64 /Users/franck/Desktop/Viendez.com/xcode/build/CardEventDerivedData/ModuleCache.noindex/SwiftUI-B9IG2BEQENXQ5FK8A9HSEVU0F.pcm

SwiftEmitModule normal arm64 Emitting\ module\ for\ CardEvent (in target 'CardEvent' from project 'CardEvent')

EmitSwiftModule normal arm64 (in target 'CardEvent' from project 'CardEvent')
    cd /Users/franck/Desktop/Viendez.com/xcode/CardEvent
    

SwiftCompile normal arm64 Compiling\ HomeView.swift /Users/franck/Desktop/Viendez.com/xcode/CardEvent/CardEvent/Views/HomeView.swift (in target 'CardEvent' from project 'CardEvent')
SwiftCompile normal arm64 /Users/franck/Desktop/Viendez.com/xcode/CardEvent/CardEvent/Views/HomeView.swift (in target 'CardEvent' from project 'CardEvent')
    cd /Users/franck/Desktop/Viendez.com/xcode/CardEvent
    

SwiftCompile normal arm64 Compiling\ PlayerTrakView.swift /Users/franck/Desktop/Viendez.com/xcode/CardEvent/CardEvent/Views/PlayerTrakView.swift (in target 'CardEvent' from project 'CardEvent')

SwiftCompile normal arm64 /Users/franck/Desktop/Viendez.com/xcode/CardEvent/CardEvent/Views/PlayerTrakView.swift (in target 'CardEvent' from project 'CardEvent')
    cd /Users/franck/Desktop/Viendez.com/xcode/CardEvent
    

SwiftCompile normal arm64 Compiling\ TicketsListView.swift /Users/franck/Desktop/Viendez.com/xcode/CardEvent/CardEvent/Views/TicketsListView.swift (in target 'CardEvent' from project 'CardEvent')

SwiftCompile normal arm64 /Users/franck/Desktop/Viendez.com/xcode/CardEvent/CardEvent/Views/TicketsListView.swift (in target 'CardEvent' from project 'CardEvent')
    cd /Users/franck/Desktop/Viendez.com/xcode/CardEvent
    

SwiftCompile normal arm64 Compiling\ LoginView.swift,\ ParticipantsListView.swift /Users/franck/Desktop/Viendez.com/xcode/CardEvent/CardEvent/Views/LoginView.swift /Users/franck/Desktop/Viendez.com/xcode/CardEvent/CardEvent/Views/ParticipantsListView.swift (in target 'CardEvent' from project 'CardEvent')

SwiftCompile normal arm64 /Users/franck/Desktop/Viendez.com/xcode/CardEvent/CardEvent/Views/LoginView.swift (in target 'CardEvent' from project 'CardEvent')
    cd /Users/franck/Desktop/Viendez.com/xcode/CardEvent
    

SwiftCompile normal arm64 /Users/franck/Desktop/Viendez.com/xcode/CardEvent/CardEvent/Views/ParticipantsListView.swift (in target 'CardEvent' from project 'CardEvent')
    cd /Users/franck/Desktop/Viendez.com/xcode/CardEvent
    

SwiftCompile normal arm64 Compiling\ PlayersLiveView.swift /Users/franck/Desktop/Viendez.com/xcode/CardEvent/CardEvent/Views/PlayersLiveView.swift (in target 'CardEvent' from project 'CardEvent')

SwiftCompile normal arm64 /Users/franck/Desktop/Viendez.com/xcode/CardEvent/CardEvent/Views/PlayersLiveView.swift (in target 'CardEvent' from project 'CardEvent')
    cd /Users/franck/Desktop/Viendez.com/xcode/CardEvent
    

SwiftCompile normal arm64 Compiling\ PlayerProfileView.swift,\ ActivityInfoView.swift /Users/franck/Desktop/Viendez.com/xcode/CardEvent/CardEvent/Views/PlayerProfileView.swift /Users/franck/Desktop/Viendez.com/xcode/CardEvent/CardEvent/Views/ActivityInfoView.swift (in target 'CardEvent' from project 'CardEvent')

SwiftCompile normal arm64 /Users/franck/Desktop/Viendez.com/xcode/CardEvent/CardEvent/Views/PlayerProfileView.swift (in target 'CardEvent' from project 'CardEvent')
    cd /Users/franck/Desktop/Viendez.com/xcode/CardEvent
    

SwiftCompile normal arm64 /Users/franck/Desktop/Viendez.com/xcode/CardEvent/CardEvent/Views/ActivityInfoView.swift (in target 'CardEvent' from project 'CardEvent')
    cd /Users/franck/Desktop/Viendez.com/xcode/CardEvent
    

SwiftCompile normal arm64 Compiling\ PlayerStatsDetailView.swift /Users/franck/Desktop/Viendez.com/xcode/CardEvent/CardEvent/Views/PlayerStatsDetailView.swift (in target 'CardEvent' from project 'CardEvent')

SwiftCompile normal arm64 /Users/franck/Desktop/Viendez.com/xcode/CardEvent/CardEvent/Views/PlayerStatsDetailView.swift (in target 'CardEvent' from project 'CardEvent')
    cd /Users/franck/Desktop/Viendez.com/xcode/CardEvent
    

SwiftCompile normal arm64 Compiling\ StructureLibraryView.swift,\ AuthService.swift /Users/franck/Desktop/Viendez.com/xcode/CardEvent/CardEvent/Views/StructureLibraryView.swift /Users/franck/Desktop/Viendez.com/xcode/CardEvent/CardEvent/Services/AuthService.swift (in target 'CardEvent' from project 'CardEvent')

SwiftCompile normal arm64 /Users/franck/Desktop/Viendez.com/xcode/CardEvent/CardEvent/Views/StructureLibraryView.swift (in target 'CardEvent' from project 'CardEvent')
    cd /Users/franck/Desktop/Viendez.com/xcode/CardEvent
    

SwiftCompile normal arm64 /Users/franck/Desktop/Viendez.com/xcode/CardEvent/CardEvent/Services/AuthService.swift (in target 'CardEvent' from project 'CardEvent')
    cd /Users/franck/Desktop/Viendez.com/xcode/CardEvent
    

SwiftCompile normal arm64 Compiling\ EditStructureView.swift,\ BlindStructure.swift /Users/franck/Desktop/Viendez.com/xcode/CardEvent/CardEvent/Views/EditStructureView.swift /Users/franck/Desktop/Viendez.com/xcode/CardEvent/CardEvent/Models/BlindStructure.swift (in target 'CardEvent' from project 'CardEvent')

SwiftCompile normal arm64 /Users/franck/Desktop/Viendez.com/xcode/CardEvent/CardEvent/Views/EditStructureView.swift (in target 'CardEvent' from project 'CardEvent')
    cd /Users/franck/Desktop/Viendez.com/xcode/CardEvent
    

SwiftCompile normal arm64 /Users/franck/Desktop/Viendez.com/xcode/CardEvent/CardEvent/Models/BlindStructure.swift (in target 'CardEvent' from project 'CardEvent')
    cd /Users/franck/Desktop/Viendez.com/xcode/CardEvent
    

SwiftCompile normal arm64 Compiling\ ChallengeRankingView.swift /Users/franck/Desktop/Viendez.com/xcode/CardEvent/CardEvent/Views/ChallengeRankingView.swift (in target 'CardEvent' from project 'CardEvent')

SwiftCompile normal arm64 /Users/franck/Desktop/Viendez.com/xcode/CardEvent/CardEvent/Views/ChallengeRankingView.swift (in target 'CardEvent' from project 'CardEvent')
    cd /Users/franck/Desktop/Viendez.com/xcode/CardEvent
    
/Users/franck/Desktop/Viendez.com/xcode/CardEvent/CardEvent/Views/ChallengeRankingView.swift:446:13: warning: variable 'urlStr' was never mutated; consider changing to 'let' constant
        var urlStr = "\(baseURL)?activity_id=\(challengeToLoad)"
        ~~~ ^
        let

SwiftCompile normal arm64 Compiling\ LiveView.swift /Users/franck/Desktop/Viendez.com/xcode/CardEvent/CardEvent/Views/LiveView.swift (in target 'CardEvent' from project 'CardEvent')

SwiftCompile normal arm64 /Users/franck/Desktop/Viendez.com/xcode/CardEvent/CardEvent/Views/LiveView.swift (in target 'CardEvent' from project 'CardEvent')
    cd /Users/franck/Desktop/Viendez.com/xcode/CardEvent
    

SwiftCompile normal arm64 Compiling\ PokerTimerViewModel.swift,\ ContentView.swift /Users/franck/Desktop/Viendez.com/xcode/CardEvent/CardEvent/ViewModels/PokerTimerViewModel.swift /Users/franck/Desktop/Viendez.com/xcode/CardEvent/CardEvent/Views/ContentView.swift (in target 'CardEvent' from project 'CardEvent')
Failed frontend command:
/Applications/Xcode.app/Contents/Developer/Toolchains/XcodeDefault.xctoolchain/usr/bin/swift-frontend -frontend -c /Users/franck/Desktop/Viendez.com/xcode/CardEvent/CardEvent/CardEventApp.swift /Users/franck/Desktop/Viendez.com/xcode/CardEvent/CardEvent/Models/BlindLevel.swift -primary-file /Users/franck/Desktop/Viendez.com/xcode/CardEvent/CardEvent/ViewModels/PokerTimerViewModel.swift -primary-file /Users/franck/Desktop/Viendez.com/xcode/CardEvent/CardEvent/Views/ContentView.swift /Users/franck/Desktop/Viendez.com/xcode/CardEvent/CardEvent/Views/EditStructureView.swift /Users/franck/Desktop/Viendez.com/xcode/CardEvent/CardEvent/Models/BlindStructure.swift /Users/franck/Desktop/Viendez.com/xcode/CardEvent/CardEvent/Views/StructureLibraryView.swift /Users/franck/Desktop/Viendez.com/xcode/CardEvent/CardEvent/Services/AuthService.swift /Users/franck/Desktop/Viendez.com/xcode/CardEvent/CardEvent/Views/LoginView.swift /Users/franck/Desktop/Viendez.com/xcode/CardEvent/CardEvent/Views/ParticipantsListView.swift /Users/franck/Desktop/Viendez.com/xcode/CardEvent/CardEvent/Views/PlayerProfileView.swift /Users/franck/Desktop/Viendez.com/xcode/CardEvent/CardEvent/Views/ActivityInfoView.swift /Users/franck/Desktop/Viendez.com/xcode/CardEvent/CardEvent/Views/LiveView.swift /Users/franck/Desktop/Viendez.com/xcode/CardEvent/CardEvent/Views/PlayersLiveView.swift /Users/franck/Desktop/Viendez.com/xcode/CardEvent/CardEvent/Views/ChallengeRankingView.swift /Users/franck/Desktop/Viendez.com/xcode/CardEvent/CardEvent/Views/PlayerStatsDetailView.swift /Users/franck/Desktop/Viendez.com/xcode/CardEvent/CardEvent/Views/PlayerTrakView.swift /Users/franck/Desktop/Viendez.com/xcode/CardEvent/CardEvent/Views/TicketsListView.swift /Users/franck/Desktop/Viendez.com/xcode/CardEvent/CardEvent/Views/HomeView.swift /Users/franck/Desktop/Viendez.com/xcode/build/CardEventDerivedData/Build/Intermediates.noindex/CardEvent.build/Debug-iphonesimulator/CardEvent.build/DerivedSources/GeneratedAssetSymbols.swift -emit-dependencies-path /Users/franck/Desktop/Viendez.com/xcode/build/CardEventDerivedData/Build/Intermediates.noindex/CardEvent.build/Debug-iphonesimulator/CardEvent.build/Objects-normal/arm64/PokerTimerViewModel.d -emit-const-values-path /Users/franck/Desktop/Viendez.com/xcode/build/CardEventDerivedData/Build/Intermediates.noindex/CardEvent.build/Debug-iphonesimulator/CardEvent.build/Objects-normal/arm64/PokerTimerViewModel.swiftconstvalues -emit-reference-dependencies-path /Users/franck/Desktop/Viendez.com/xcode/build/CardEventDerivedData/Build/Intermediates.noindex/CardEvent.build/Debug-iphonesimulator/CardEvent.build/Objects-normal/arm64/PokerTimerViewModel.swiftdeps -serialize-diagnostics-path /Users/franck/Desktop/Viendez.com/xcode/build/CardEventDerivedData/Build/Intermediates.noindex/CardEvent.build/Debug-iphonesimulator/CardEvent.build/Objects-normal/arm64/PokerTimerViewModel.dia -emit-dependencies-path /Users/franck/Desktop/Viendez.com/xcode/build/CardEventDerivedData/Build/Intermediates.noindex/CardEvent.build/Debug-iphonesimulator/CardEvent.build/Objects-normal/arm64/ContentView.d -emit-const-values-path /Users/franck/Desktop/Viendez.com/xcode/build/CardEventDerivedData/Build/Intermediates.noindex/CardEvent.build/Debug-iphonesimulator/CardEvent.build/Objects-normal/arm64/ContentView.swiftconstvalues -emit-reference-dependencies-path /Users/franck/Desktop/Viendez.com/xcode/build/CardEventDerivedData/Build/Intermediates.noindex/CardEvent.build/Debug-iphonesimulator/CardEvent.build/Objects-normal/arm64/ContentView.swiftdeps -serialize-diagnostics-path /Users/franck/Desktop/Viendez.com/xcode/build/CardEventDerivedData/Build/Intermediates.noindex/CardEvent.build/Debug-iphonesimulator/CardEvent.build/Objects-normal/arm64/ContentView.dia -emit-localized-strings -emit-localized-strings-path /Users/franck/Desktop/Viendez.com/xcode/build/CardEventDerivedData/Build/Intermediates.noindex/CardEvent.build/Debug-iphonesimulator/CardEvent.build/Objects-normal/arm64 -target arm64-apple-ios16.0-simulator -module-can-import-version DeveloperToolsSupport 23.40.26 23.40.26 -module-can-import-version SwiftUI 7.4.27.1 7.4.27 -module-can-import-version UIKit 9126.4.27.1 9126.4.27 -load-resolved-plugin /Applications/Xcode.app/Contents/Developer/Platforms/iPhoneOS.platform/Developer/usr/lib/swift/host/plugins/libFoundationMacros.dylib\#/Applications/Xcode.app/Contents/Developer/Platforms/iPhoneOS.platform/Developer/usr/bin/swift-plugin-server\#FoundationMacros -load-resolved-plugin /Applications/Xcode.app/Contents/Developer/Platforms/iPhoneOS.platform/Developer/usr/lib/swift/host/plugins/libObservationMacros.dylib\#/Applications/Xcode.app/Contents/Developer/Platforms/iPhoneOS.platform/Developer/usr/bin/swift-plugin-server\#ObservationMacros -load-resolved-plugin /Applications/Xcode.app/Contents/Developer/Platforms/iPhoneOS.platform/Developer/usr/lib/swift/host/plugins/libPreviewsMacros.dylib\#/Applications/Xcode.app/Contents/Developer/Platforms/iPhoneOS.platform/Developer/usr/bin/swift-plugin-server\#PreviewsMacros -load-resolved-plugin /Applications/Xcode.app/Contents/Developer/Platforms/iPhoneOS.platform/Developer/usr/lib/swift/host/plugins/libSwiftMacros.dylib\#/Applications/Xcode.app/Contents/Developer/Platforms/iPhoneOS.platform/Developer/usr/bin/swift-plugin-server\#SwiftMacros -load-resolved-plugin /Applications/Xcode.app/Contents/Developer/Platforms/iPhoneOS.platform/Developer/usr/lib/swift/host/plugins/libSwiftUIMacros.dylib\#/Applications/Xcode.app/Contents/Developer/Platforms/iPhoneOS.platform/Developer/usr/bin/swift-plugin-server\#SwiftUIMacros -disable-implicit-swift-modules -Xcc -fno-implicit-modules -Xcc -fno-implicit-module-maps -explicit-swift-module-map-file /Users/franck/Desktop/Viendez.com/xcode/build/CardEventDerivedData/Build/Intermediates.noindex/CardEvent.build/Debug-iphonesimulator/CardEvent.build/Objects-normal/arm64/CardEvent-dependencies-1.json -debug-module-path /Users/franck/Desktop/Viendez.com/xcode/build/CardEventDerivedData/Build/Intermediates.noindex/CardEvent.build/Debug-iphonesimulator/CardEvent.build/Objects-normal/arm64/CardEvent.swiftmodule -Xllvm -aarch64-use-tbi -enable-objc-interop -sdk /Applications/Xcode.app/Contents/Developer/Platforms/iPhoneSimulator.platform/Developer/SDKs/iPhoneSimulator26.4.sdk -I /Users/franck/Desktop/Viendez.com/xcode/build/CardEventDerivedData/Build/Products/Debug-iphonesimulator -F /Users/franck/Desktop/Viendez.com/xcode/build/CardEventDerivedData/Build/Products/Debug-iphonesimulator -no-color-diagnostics -Xcc -fno-color-diagnostics -enable-testing -g -debug-info-format\=dwarf -dwarf-version\=4 -module-cache-path /Users/franck/Desktop/Viendez.com/xcode/build/CardEventDerivedData/Build/Intermediates.noindex/SwiftExplicitPrecompiledModules -swift-version 5 -Onone -D DEBUG -serialize-debugging-options -const-gather-protocols-file /Users/franck/Desktop/Viendez.com/xcode/build/CardEventDerivedData/Build/Intermediates.noindex/CardEvent.build/Debug-iphonesimulator/CardEvent.build/Objects-normal/arm64/CardEvent_const_extract_protocols.json -enable-experimental-feature DebugDescriptionMacro -enable-bare-slash-regex -empty-abi-descriptor -validate-clang-modules-once -clang-build-session-file /Users/franck/Desktop/Viendez.com/xcode/build/CardEventDerivedData/ModuleCache.noindex/Session.modulevalidation -Xcc -working-directory -Xcc /Users/franck/Desktop/Viendez.com/xcode/CardEvent -enable-anonymous-context-mangled-names -file-compilation-dir /Users/franck/Desktop/Viendez.com/xcode/CardEvent -Xcc -D_LIBCPP_HARDENING_MODE\=_LIBCPP_HARDENING_MODE_DEBUG -Xcc -ivfsstatcache -Xcc /Users/franck/Desktop/Viendez.com/xcode/build/CardEventDerivedData/SDKStatCaches.noindex/iphonesimulator26.4-23E237-686eebb5dc1d8ecb277353a59184f4aa.sdkstatcache -Xcc -I/Users/franck/Desktop/Viendez.com/xcode/build/CardEventDerivedData/Build/Intermediates.noindex/CardEvent.build/Debug-iphonesimulator/CardEvent.build/swift-overrides.hmap -Xcc -iquote -Xcc /Users/franck/Desktop/Viendez.com/xcode/build/CardEventDerivedData/Build/Intermediates.noindex/CardEvent.build/Debug-iphonesimulator/CardEvent.build/CardEvent-generated-files.hmap -Xcc -I/Users/franck/Desktop/Viendez.com/xcode/build/CardEventDerivedData/Build/Intermediates.noindex/CardEvent.build/Debug-iphonesimulator/CardEvent.build/CardEvent-own-target-headers.hmap -Xcc -I/Users/franck/Desktop/Viendez.com/xcode/build/CardEventDerivedData/Build/Intermediates.noindex/CardEvent.build/Debug-iphonesimulator/CardEvent.build/CardEvent-all-target-headers.hmap -Xcc -iquote -Xcc /Users/franck/Desktop/Viendez.com/xcode/build/CardEventDerivedData/Build/Intermediates.noindex/CardEvent.build/Debug-iphonesimulator/CardEvent.build/CardEvent-project-headers.hmap -Xcc -I/Users/franck/Desktop/Viendez.com/xcode/build/CardEventDerivedData/Build/Products/Debug-iphonesimulator/include -Xcc -I/Users/franck/Desktop/Viendez.com/xcode/build/CardEventDerivedData/Build/Intermediates.noindex/CardEvent.build/Debug-iphonesimulator/CardEvent.build/DerivedSources-normal/arm64 -Xcc -I/Users/franck/Desktop/Viendez.com/xcode/build/CardEventDerivedData/Build/Intermediates.noindex/CardEvent.build/Debug-iphonesimulator/CardEvent.build/DerivedSources/arm64 -Xcc -I/Users/franck/Desktop/Viendez.com/xcode/build/CardEventDerivedData/Build/Intermediates.noindex/CardEvent.build/Debug-iphonesimulator/CardEvent.build/DerivedSources -Xcc -DDEBUG\=1 -no-auto-bridging-header-chaining -module-name CardEvent -frontend-parseable-output -disable-clang-spi -clang-target arm64-apple-ios26.4-simulator -target-sdk-version 26.4 -target-sdk-name iphonesimulator26.4 -in-process-plugin-server-path /Applications/Xcode.app/Contents/Developer/Toolchains/XcodeDefault.xctoolchain/usr/lib/swift/host/libSwiftInProcPluginServer.dylib -o /Users/franck/Desktop/Viendez.com/xcode/build/CardEventDerivedData/Build/Intermediates.noindex/CardEvent.build/Debug-iphonesimulator/CardEvent.build/Objects-normal/arm64/PokerTimerViewModel.o -o /Users/franck/Desktop/Viendez.com/xcode/build/CardEventDerivedData/Build/Intermediates.noindex/CardEvent.build/Debug-iphonesimulator/CardEvent.build/Objects-normal/arm64/ContentView.o -index-unit-output-path /CardEvent.build/Debug-iphonesimulator/CardEvent.build/Objects-normal/arm64/PokerTimerViewModel.o -index-unit-output-path /CardEvent.build/Debug-iphonesimulator/CardEvent.build/Objects-normal/arm64/ContentView.o -index-store-path /Users/franck/Desktop/Viendez.com/xcode/build/CardEventDerivedData/Index.noindex/DataStore -index-system-modules

SwiftCompile normal arm64 /Users/franck/Desktop/Viendez.com/xcode/CardEvent/CardEvent/ViewModels/PokerTimerViewModel.swift (in target 'CardEvent' from project 'CardEvent')
    cd /Users/franck/Desktop/Viendez.com/xcode/CardEvent
    
/Users/franck/Desktop/Viendez.com/xcode/CardEvent/CardEvent/ViewModels/PokerTimerViewModel.swift:120:9: error: cannot find 'loadLevels' in scope
        loadLevels()
        ^~~~~~~~~~
/Users/franck/Desktop/Viendez.com/xcode/CardEvent/CardEvent/ViewModels/PokerTimerViewModel.swift:121:9: error: cannot find 'loadTimerState' in scope
        loadTimerState()
        ^~~~~~~~~~~~~~
/Users/franck/Desktop/Viendez.com/xcode/CardEvent/CardEvent/ViewModels/PokerTimerViewModel.swift:122:9: error: cannot find 'loadPlayerCount' in scope
        loadPlayerCount()
        ^~~~~~~~~~~~~~~
/Users/franck/Desktop/Viendez.com/xcode/CardEvent/CardEvent/ViewModels/PokerTimerViewModel.swift:124:9: error: cannot find 'requestNotificationPermission' in scope
        requestNotificationPermission()
        ^~~~~~~~~~~~~~~~~~~~~~~~~~~~~
/Users/franck/Desktop/Viendez.com/xcode/CardEvent/CardEvent/ViewModels/PokerTimerViewModel.swift:125:9: error: cannot find 'fetchNextActivity' in scope
        fetchNextActivity()
        ^~~~~~~~~~~~~~~~~
/Users/franck/Desktop/Viendez.com/xcode/CardEvent/CardEvent/ViewModels/PokerTimerViewModel.swift:126:9: error: cannot find 'fetchActivityList' in scope
        fetchActivityList()
        ^~~~~~~~~~~~~~~~~
/Users/franck/Desktop/Viendez.com/xcode/CardEvent/CardEvent/ViewModels/PokerTimerViewModel.swift:127:9: error: cannot find 'startPolling' in scope
        startPolling()
        ^~~~~~~~~~~~
/Users/franck/Desktop/Viendez.com/xcode/CardEvent/CardEvent/ViewModels/PokerTimerViewModel.swift:128:9: error: cannot find 'setupBackgroundHandling' in scope
        setupBackgroundHandling()
        ^~~~~~~~~~~~~~~~~~~~~~~
/Users/franck/Desktop/Viendez.com/xcode/CardEvent/CardEvent/ViewModels/PokerTimerViewModel.swift:129:9: error: cannot find 'logAppUsage' in scope
        logAppUsage()
        ^~~~~~~~~~~
/Users/franck/Desktop/Viendez.com/xcode/CardEvent/CardEvent/ViewModels/PokerTimerViewModel.swift:159:9: error: cannot find 'startTicker' in scope
        startTicker()
        ^~~~~~~~~~~
/Users/franck/Desktop/Viendez.com/xcode/CardEvent/CardEvent/ViewModels/PokerTimerViewModel.swift:160:9: error: cannot find 'scheduleNextLevelNotification' in scope
        scheduleNextLevelNotification()
        ^~~~~~~~~~~~~~~~~~~~~~~~~~~~~
/Users/franck/Desktop/Viendez.com/xcode/CardEvent/CardEvent/ViewModels/PokerTimerViewModel.swift:161:9: error: cannot find 'saveTimerState' in scope
        saveTimerState()
        ^~~~~~~~~~~~~~
/Users/franck/Desktop/Viendez.com/xcode/CardEvent/CardEvent/ViewModels/PokerTimerViewModel.swift:172:9: error: cannot find 'saveTimerState' in scope
        saveTimerState()
        ^~~~~~~~~~~~~~
/Users/franck/Desktop/Viendez.com/xcode/CardEvent/CardEvent/ViewModels/PokerTimerViewModel.swift:174:115: error: cannot find 'saveTimerState' in scope
    func resetTournament() { pause(); currentLevelIndex = 0; timeLeft = max(0, blindLevels.first?.duration ?? 0); saveTimerState() }
                                                                                                                  ^~~~~~~~~~~~~~
/Users/franck/Desktop/Viendez.com/xcode/CardEvent/CardEvent/ViewModels/PokerTimerViewModel.swift:175:157: error: cannot find 'scheduleNextLevelNotification' in scope
    func restartCurrentBlind() { timeLeft = max(0, currentLevel.duration); if isRunning { levelEndDate = Date().addingTimeInterval(TimeInterval(timeLeft)); scheduleNextLevelNotification() }; saveTimerState() }
                                                                                                                                                            ^~~~~~~~~~~~~~~~~~~~~~~~~~~~~
/Users/franck/Desktop/Viendez.com/xcode/CardEvent/CardEvent/ViewModels/PokerTimerViewModel.swift:175:192: error: cannot find 'saveTimerState' in scope
    func restartCurrentBlind() { timeLeft = max(0, currentLevel.duration); if isRunning { levelEndDate = Date().addingTimeInterval(TimeInterval(timeLeft)); scheduleNextLevelNotification() }; saveTimerState() }
                                                                                                                                                                                               ^~~~~~~~~~~~~~
/Users/franck/Desktop/Viendez.com/xcode/CardEvent/CardEvent/ViewModels/PokerTimerViewModel.swift:176:115: error: cannot find 'saveTimerState' in scope
    func adjustTime(minutes: Int) { guard !isRunning else { return }; timeLeft = max(0, timeLeft + minutes * 60); saveTimerState() }
                                                                                                                  ^~~~~~~~~~~~~~
/Users/franck/Desktop/Viendez.com/xcode/CardEvent/CardEvent/ViewModels/PokerTimerViewModel.swift:177:257: error: cannot find 'saveTimerState' in scope
    func changeLevel(by direction: Int) { guard !isRunning else { return }; let newIndex = currentLevelIndex + direction; guard blindLevels.indices.contains(newIndex) else { return }; currentLevelIndex = newIndex; timeLeft = max(0, currentLevel.duration); saveTimerState() }
                                                                                                                                                                                                                                                                ^~~~~~~~~~~~~~
/Users/franck/Desktop/Viendez.com/xcode/CardEvent/CardEvent/ViewModels/PokerTimerViewModel.swift:184:9: error: cannot find 'saveLevels' in scope
        saveLevels(); saveTimerState()
        ^~~~~~~~~~
/Users/franck/Desktop/Viendez.com/xcode/CardEvent/CardEvent/ViewModels/PokerTimerViewModel.swift:184:23: error: cannot find 'saveTimerState' in scope
        saveLevels(); saveTimerState()
                      ^~~~~~~~~~~~~~
/Users/franck/Desktop/Viendez.com/xcode/CardEvent/CardEvent/ViewModels/PokerTimerViewModel.swift:186:70: error: cannot find 'savePlayerCount' in scope
    func setPlayerCount(_ count: Int) { playerCount = max(2, count); savePlayerCount() }
                                                                     ^~~~~~~~~~~~~~~
/Users/franck/Desktop/Viendez.com/xcode/CardEvent/CardEvent/ViewModels/PokerTimerViewModel.swift:197:82: error: value of type 'PokerTimerViewModel' has no member 'savePlayerCount'
                    await MainActor.run { self.playerCount = max(2, count); self.savePlayerCount() }
                                                                            ~~~~ ^~~~~~~~~~~~~~~

SwiftCompile normal arm64 /Users/franck/Desktop/Viendez.com/xcode/CardEvent/CardEvent/Views/ContentView.swift (in target 'CardEvent' from project 'CardEvent')
    cd /Users/franck/Desktop/Viendez.com/xcode/CardEvent
    
/Users/franck/Desktop/Viendez.com/xcode/CardEvent/CardEvent/Views/ContentView.swift:147:34: error: cannot convert value of type 'Binding<Subject>' to expected argument type 'Bool'
            canGoBack: viewModel.canGoToPrevActivity,
                                 ^
/Users/franck/Desktop/Viendez.com/xcode/CardEvent/CardEvent/Views/ContentView.swift:148:37: error: cannot convert value of type 'Binding<Subject>' to expected argument type 'Bool'
            canGoForward: viewModel.canGoToNextActivity,
                                    ^
/Users/franck/Desktop/Viendez.com/xcode/CardEvent/CardEvent/Views/ContentView.swift:147:34: error: value of type 'PokerTimerViewModel' has no dynamic member 'canGoToPrevActivity' using key path from root type 'PokerTimerViewModel'
            canGoBack: viewModel.canGoToPrevActivity,
                       ~~~~~~~~~ ^~~~~~~~~~~~~~~~~~~
/Users/franck/Desktop/Viendez.com/xcode/CardEvent/CardEvent/Views/ContentView.swift:147:24: error: referencing subscript 'subscript(dynamicMember:)' requires wrapper 'ObservedObject<PokerTimerViewModel>.Wrapper'
            canGoBack: viewModel.canGoToPrevActivity,
                       ^
                       $
/Users/franck/Desktop/Viendez.com/xcode/CardEvent/CardEvent/Views/ContentView.swift:148:37: error: value of type 'PokerTimerViewModel' has no dynamic member 'canGoToNextActivity' using key path from root type 'PokerTimerViewModel'
            canGoForward: viewModel.canGoToNextActivity,
                          ~~~~~~~~~ ^~~~~~~~~~~~~~~~~~~
/Users/franck/Desktop/Viendez.com/xcode/CardEvent/CardEvent/Views/ContentView.swift:148:27: error: referencing subscript 'subscript(dynamicMember:)' requires wrapper 'ObservedObject<PokerTimerViewModel>.Wrapper'
            canGoForward: viewModel.canGoToNextActivity,
                          ^
                          $
/Users/franck/Desktop/Viendez.com/xcode/CardEvent/CardEvent/Views/ContentView.swift:149:33: error: cannot call value of non-function type 'Binding<Subject>'
            onPrev: { viewModel.navigateActivity(by: -1) },
                                ^
/Users/franck/Desktop/Viendez.com/xcode/CardEvent/CardEvent/Views/ContentView.swift:149:33: error: value of type 'PokerTimerViewModel' has no dynamic member 'navigateActivity' using key path from root type 'PokerTimerViewModel'
            onPrev: { viewModel.navigateActivity(by: -1) },
                      ~~~~~~~~~ ^~~~~~~~~~~~~~~~
/Users/franck/Desktop/Viendez.com/xcode/CardEvent/CardEvent/Views/ContentView.swift:149:23: error: referencing subscript 'subscript(dynamicMember:)' requires wrapper 'ObservedObject<PokerTimerViewModel>.Wrapper'
            onPrev: { viewModel.navigateActivity(by: -1) },
                      ^
                      $
/Users/franck/Desktop/Viendez.com/xcode/CardEvent/CardEvent/Views/ContentView.swift:150:33: error: cannot call value of non-function type 'Binding<Subject>'
            onNext: { viewModel.navigateActivity(by: 1) }
                                ^
/Users/franck/Desktop/Viendez.com/xcode/CardEvent/CardEvent/Views/ContentView.swift:150:33: error: value of type 'PokerTimerViewModel' has no dynamic member 'navigateActivity' using key path from root type 'PokerTimerViewModel'
            onNext: { viewModel.navigateActivity(by: 1) }
                      ~~~~~~~~~ ^~~~~~~~~~~~~~~~
/Users/franck/Desktop/Viendez.com/xcode/CardEvent/CardEvent/Views/ContentView.swift:150:23: error: referencing subscript 'subscript(dynamicMember:)' requires wrapper 'ObservedObject<PokerTimerViewModel>.Wrapper'
            onNext: { viewModel.navigateActivity(by: 1) }
                      ^
                      $

SwiftCompile normal arm64 Compiling\ CardEventApp.swift,\ BlindLevel.swift /Users/franck/Desktop/Viendez.com/xcode/CardEvent/CardEvent/CardEventApp.swift /Users/franck/Desktop/Viendez.com/xcode/CardEvent/CardEvent/Models/BlindLevel.swift (in target 'CardEvent' from project 'CardEvent')

SwiftCompile normal arm64 /Users/franck/Desktop/Viendez.com/xcode/CardEvent/CardEvent/CardEventApp.swift (in target 'CardEvent' from project 'CardEvent')
    cd /Users/franck/Desktop/Viendez.com/xcode/CardEvent
    

SwiftCompile normal arm64 /Users/franck/Desktop/Viendez.com/xcode/CardEvent/CardEvent/Models/BlindLevel.swift (in target 'CardEvent' from project 'CardEvent')
    cd /Users/franck/Desktop/Viendez.com/xcode/CardEvent
    

SwiftCompile normal arm64 Compiling\ GeneratedAssetSymbols.swift /Users/franck/Desktop/Viendez.com/xcode/build/CardEventDerivedData/Build/Intermediates.noindex/CardEvent.build/Debug-iphonesimulator/CardEvent.build/DerivedSources/GeneratedAssetSymbols.swift (in target 'CardEvent' from project 'CardEvent')

SwiftCompile normal arm64 /Users/franck/Desktop/Viendez.com/xcode/build/CardEventDerivedData/Build/Intermediates.noindex/CardEvent.build/Debug-iphonesimulator/CardEvent.build/DerivedSources/GeneratedAssetSymbols.swift (in target 'CardEvent' from project 'CardEvent')
    cd /Users/franck/Desktop/Viendez.com/xcode/CardEvent
    

SwiftDriverJobDiscovery normal arm64 Emitting module for CardEvent (in target 'CardEvent' from project 'CardEvent')

SwiftDriver\ Compilation\ Requirements CardEvent normal arm64 com.apple.xcode.tools.swift.compiler (in target 'CardEvent' from project 'CardEvent')
    cd /Users/franck/Desktop/Viendez.com/xcode/CardEvent
    builtin-Swift-Compilation-Requirements -- /Applications/Xcode.app/Contents/Developer/Toolchains/XcodeDefault.xctoolchain/usr/bin/swiftc -module-name CardEvent -Onone @/Users/franck/Desktop/Viendez.com/xcode/build/CardEventDerivedData/Build/Intermediates.noindex/CardEvent.build/Debug-iphonesimulator/CardEvent.build/Objects-normal/arm64/CardEvent.SwiftFileList -DDEBUG -enable-bare-slash-regex -enable-experimental-feature DebugDescriptionMacro -sdk /Applications/Xcode.app/Contents/Developer/Platforms/iPhoneSimulator.platform/Developer/SDKs/iPhoneSimulator26.4.sdk -target arm64-apple-ios16.0-simulator -g -module-cache-path /Users/franck/Desktop/Viendez.com/xcode/build/CardEventDerivedData/ModuleCache.noindex -Xfrontend -serialize-debugging-options -enable-testing -index-store-path /Users/franck/Desktop/Viendez.com/xcode/build/CardEventDerivedData/Index.noindex/DataStore -Xcc -D_LIBCPP_HARDENING_MODE\=_LIBCPP_HARDENING_MODE_DEBUG -swift-version 5 -I /Users/franck/Desktop/Viendez.com/xcode/build/CardEventDerivedData/Build/Products/Debug-iphonesimulator -F /Users/franck/Desktop/Viendez.com/xcode/build/CardEventDerivedData/Build/Products/Debug-iphonesimulator -emit-localized-strings -emit-localized-strings-path /Users/franck/Desktop/Viendez.com/xcode/build/CardEventDerivedData/Build/Intermediates.noindex/CardEvent.build/Debug-iphonesimulator/CardEvent.build/Objects-normal/arm64 -c -j14 -enable-batch-mode -incremental -Xcc -ivfsstatcache -Xcc /Users/franck/Desktop/Viendez.com/xcode/build/CardEventDerivedData/SDKStatCaches.noindex/iphonesimulator26.4-23E237-686eebb5dc1d8ecb277353a59184f4aa.sdkstatcache -output-file-map /Users/franck/Desktop/Viendez.com/xcode/build/CardEventDerivedData/Build/Intermediates.noindex/CardEvent.build/Debug-iphonesimulator/CardEvent.build/Objects-normal/arm64/CardEvent-OutputFileMap.json -use-frontend-parseable-output -save-temps -no-color-diagnostics -explicit-module-build -module-cache-path /Users/franck/Desktop/Viendez.com/xcode/build/CardEventDerivedData/Build/Intermediates.noindex/SwiftExplicitPrecompiledModules -clang-scanner-module-cache-path /Users/franck/Desktop/Viendez.com/xcode/build/CardEventDerivedData/ModuleCache.noindex -sdk-module-cache-path /Users/franck/Desktop/Viendez.com/xcode/build/CardEventDerivedData/ModuleCache.noindex -serialize-diagnostics -emit-dependencies -emit-module -emit-module-path /Users/franck/Desktop/Viendez.com/xcode/build/CardEventDerivedData/Build/Intermediates.noindex/CardEvent.build/Debug-iphonesimulator/CardEvent.build/Objects-normal/arm64/CardEvent.swiftmodule -validate-clang-modules-once -clang-build-session-file /Users/franck/Desktop/Viendez.com/xcode/build/CardEventDerivedData/ModuleCache.noindex/Session.modulevalidation -Xcc -I/Users/franck/Desktop/Viendez.com/xcode/build/CardEventDerivedData/Build/Intermediates.noindex/CardEvent.build/Debug-iphonesimulator/CardEvent.build/swift-overrides.hmap -emit-const-values -Xfrontend -const-gather-protocols-file -Xfrontend /Users/franck/Desktop/Viendez.com/xcode/build/CardEventDerivedData/Build/Intermediates.noindex/CardEvent.build/Debug-iphonesimulator/CardEvent.build/Objects-normal/arm64/CardEvent_const_extract_protocols.json -Xcc -iquote -Xcc /Users/franck/Desktop/Viendez.com/xcode/build/CardEventDerivedData/Build/Intermediates.noindex/CardEvent.build/Debug-iphonesimulator/CardEvent.build/CardEvent-generated-files.hmap -Xcc -I/Users/franck/Desktop/Viendez.com/xcode/build/CardEventDerivedData/Build/Intermediates.noindex/CardEvent.build/Debug-iphonesimulator/CardEvent.build/CardEvent-own-target-headers.hmap -Xcc -I/Users/franck/Desktop/Viendez.com/xcode/build/CardEventDerivedData/Build/Intermediates.noindex/CardEvent.build/Debug-iphonesimulator/CardEvent.build/CardEvent-all-target-headers.hmap -Xcc -iquote -Xcc /Users/franck/Desktop/Viendez.com/xcode/build/CardEventDerivedData/Build/Intermediates.noindex/CardEvent.build/Debug-iphonesimulator/CardEvent.build/CardEvent-project-headers.hmap -Xcc -I/Users/franck/Desktop/Viendez.com/xcode/build/CardEventDerivedData/Build/Products/Debug-iphonesimulator/include -Xcc -I/Users/franck/Desktop/Viendez.com/xcode/build/CardEventDerivedData/Build/Intermediates.noindex/CardEvent.build/Debug-iphonesimulator/CardEvent.build/DerivedSources-normal/arm64 -Xcc -I/Users/franck/Desktop/Viendez.com/xcode/build/CardEventDerivedData/Build/Intermediates.noindex/CardEvent.build/Debug-iphonesimulator/CardEvent.build/DerivedSources/arm64 -Xcc -I/Users/franck/Desktop/Viendez.com/xcode/build/CardEventDerivedData/Build/Intermediates.noindex/CardEvent.build/Debug-iphonesimulator/CardEvent.build/DerivedSources -Xcc -DDEBUG\=1 -emit-objc-header -emit-objc-header-path /Users/franck/Desktop/Viendez.com/xcode/build/CardEventDerivedData/Build/Intermediates.noindex/CardEvent.build/Debug-iphonesimulator/CardEvent.build/Objects-normal/arm64/CardEvent-Swift.h -working-directory /Users/franck/Desktop/Viendez.com/xcode/CardEvent -experimental-emit-module-separately -disable-cmo

SwiftDriverJobDiscovery normal arm64 Compiling GeneratedAssetSymbols.swift (in target 'CardEvent' from project 'CardEvent')

SwiftMergeGeneratedHeaders /Users/franck/Desktop/Viendez.com/xcode/build/CardEventDerivedData/Build/Intermediates.noindex/CardEvent.build/Debug-iphonesimulator/CardEvent.build/DerivedSources/CardEvent-Swift.h /Users/franck/Desktop/Viendez.com/xcode/build/CardEventDerivedData/Build/Intermediates.noindex/CardEvent.build/Debug-iphonesimulator/CardEvent.build/Objects-normal/arm64/CardEvent-Swift.h (in target 'CardEvent' from project 'CardEvent')
    cd /Users/franck/Desktop/Viendez.com/xcode/CardEvent
    builtin-swiftHeaderTool -arch arm64 /Users/franck/Desktop/Viendez.com/xcode/build/CardEventDerivedData/Build/Intermediates.noindex/CardEvent.build/Debug-iphonesimulator/CardEvent.build/Objects-normal/arm64/CardEvent-Swift.h -o /Users/franck/Desktop/Viendez.com/xcode/build/CardEventDerivedData/Build/Intermediates.noindex/CardEvent.build/Debug-iphonesimulator/CardEvent.build/DerivedSources/CardEvent-Swift.h

Copy /Users/franck/Desktop/Viendez.com/xcode/build/CardEventDerivedData/Build/Products/Debug-iphonesimulator/CardEvent.swiftmodule/arm64-apple-ios-simulator.swiftmodule /Users/franck/Desktop/Viendez.com/xcode/build/CardEventDerivedData/Build/Intermediates.noindex/CardEvent.build/Debug-iphonesimulator/CardEvent.build/Objects-normal/arm64/CardEvent.swiftmodule (in target 'CardEvent' from project 'CardEvent')
    cd /Users/franck/Desktop/Viendez.com/xcode/CardEvent
    builtin-copy -exclude .DS_Store -exclude CVS -exclude .svn -exclude .git -exclude .hg -resolve-src-symlinks -rename /Users/franck/Desktop/Viendez.com/xcode/build/CardEventDerivedData/Build/Intermediates.noindex/CardEvent.build/Debug-iphonesimulator/CardEvent.build/Objects-normal/arm64/CardEvent.swiftmodule /Users/franck/Desktop/Viendez.com/xcode/build/CardEventDerivedData/Build/Products/Debug-iphonesimulator/CardEvent.swiftmodule/arm64-apple-ios-simulator.swiftmodule

Copy /Users/franck/Desktop/Viendez.com/xcode/build/CardEventDerivedData/Build/Products/Debug-iphonesimulator/CardEvent.swiftmodule/arm64-apple-ios-simulator.swiftdoc /Users/franck/Desktop/Viendez.com/xcode/build/CardEventDerivedData/Build/Intermediates.noindex/CardEvent.build/Debug-iphonesimulator/CardEvent.build/Objects-normal/arm64/CardEvent.swiftdoc (in target 'CardEvent' from project 'CardEvent')
    cd /Users/franck/Desktop/Viendez.com/xcode/CardEvent
    builtin-copy -exclude .DS_Store -exclude CVS -exclude .svn -exclude .git -exclude .hg -resolve-src-symlinks -rename /Users/franck/Desktop/Viendez.com/xcode/build/CardEventDerivedData/Build/Intermediates.noindex/CardEvent.build/Debug-iphonesimulator/CardEvent.build/Objects-normal/arm64/CardEvent.swiftdoc /Users/franck/Desktop/Viendez.com/xcode/build/CardEventDerivedData/Build/Products/Debug-iphonesimulator/CardEvent.swiftmodule/arm64-apple-ios-simulator.swiftdoc

Copy /Users/franck/Desktop/Viendez.com/xcode/build/CardEventDerivedData/Build/Products/Debug-iphonesimulator/CardEvent.swiftmodule/arm64-apple-ios-simulator.abi.json /Users/franck/Desktop/Viendez.com/xcode/build/CardEventDerivedData/Build/Intermediates.noindex/CardEvent.build/Debug-iphonesimulator/CardEvent.build/Objects-normal/arm64/CardEvent.abi.json (in target 'CardEvent' from project 'CardEvent')
    cd /Users/franck/Desktop/Viendez.com/xcode/CardEvent
    builtin-copy -exclude .DS_Store -exclude CVS -exclude .svn -exclude .git -exclude .hg -resolve-src-symlinks -rename /Users/franck/Desktop/Viendez.com/xcode/build/CardEventDerivedData/Build/Intermediates.noindex/CardEvent.build/Debug-iphonesimulator/CardEvent.build/Objects-normal/arm64/CardEvent.abi.json /Users/franck/Desktop/Viendez.com/xcode/build/CardEventDerivedData/Build/Products/Debug-iphonesimulator/CardEvent.swiftmodule/arm64-apple-ios-simulator.abi.json

Copy /Users/franck/Desktop/Viendez.com/xcode/build/CardEventDerivedData/Build/Products/Debug-iphonesimulator/CardEvent.swiftmodule/Project/arm64-apple-ios-simulator.swiftsourceinfo /Users/franck/Desktop/Viendez.com/xcode/build/CardEventDerivedData/Build/Intermediates.noindex/CardEvent.build/Debug-iphonesimulator/CardEvent.build/Objects-normal/arm64/CardEvent.swiftsourceinfo (in target 'CardEvent' from project 'CardEvent')
    cd /Users/franck/Desktop/Viendez.com/xcode/CardEvent
    builtin-copy -exclude .DS_Store -exclude CVS -exclude .svn -exclude .git -exclude .hg -resolve-src-symlinks -rename /Users/franck/Desktop/Viendez.com/xcode/build/CardEventDerivedData/Build/Intermediates.noindex/CardEvent.build/Debug-iphonesimulator/CardEvent.build/Objects-normal/arm64/CardEvent.swiftsourceinfo /Users/franck/Desktop/Viendez.com/xcode/build/CardEventDerivedData/Build/Products/Debug-iphonesimulator/CardEvent.swiftmodule/Project/arm64-apple-ios-simulator.swiftsourceinfo

SwiftDriverJobDiscovery normal arm64 Compiling EditStructureView.swift, BlindStructure.swift (in target 'CardEvent' from project 'CardEvent')

SwiftDriverJobDiscovery normal arm64 Compiling PlayerStatsDetailView.swift (in target 'CardEvent' from project 'CardEvent')

SwiftDriverJobDiscovery normal arm64 Compiling TicketsListView.swift (in target 'CardEvent' from project 'CardEvent')

SwiftDriverJobDiscovery normal arm64 Compiling CardEventApp.swift, BlindLevel.swift (in target 'CardEvent' from project 'CardEvent')

SwiftDriverJobDiscovery normal arm64 Compiling PlayersLiveView.swift (in target 'CardEvent' from project 'CardEvent')

SwiftDriverJobDiscovery normal arm64 Compiling StructureLibraryView.swift, AuthService.swift (in target 'CardEvent' from project 'CardEvent')

SwiftDriverJobDiscovery normal arm64 Compiling ChallengeRankingView.swift (in target 'CardEvent' from project 'CardEvent')

SwiftDriverJobDiscovery normal arm64 Compiling PlayerTrakView.swift (in target 'CardEvent' from project 'CardEvent')

** BUILD FAILED **


The following build commands failed:
	SwiftCompile normal arm64 Compiling\ PokerTimerViewModel.swift,\ ContentView.swift /Users/franck/Desktop/Viendez.com/xcode/CardEvent/CardEvent/ViewModels/PokerTimerViewModel.swift /Users/franck/Desktop/Viendez.com/xcode/CardEvent/CardEvent/Views/ContentView.swift (in target 'CardEvent' from project 'CardEvent')
	SwiftCompile normal arm64 /Users/franck/Desktop/Viendez.com/xcode/CardEvent/CardEvent/ViewModels/PokerTimerViewModel.swift (in target 'CardEvent' from project 'CardEvent')
	SwiftCompile normal arm64 /Users/franck/Desktop/Viendez.com/xcode/CardEvent/CardEvent/Views/ContentView.swift (in target 'CardEvent' from project 'CardEvent')
	Building workspace CardEvent with scheme CardEvent
(4 failures)
