
2025-12-23T17:29:52+00:00 | START sieges.php REQUEST: /panel/sieges.php?ac=676&sou=/panel/voir-activite.php
2025-12-23T17:29:53+00:00 | SPAWNED_WORKER cmd=cmd /c start /B "" C:^\winamp64^\bin^\apache^\apache2.4.62.1^\bin^\httpd.exe -f "C:\Users\MSI\Desktop\www\panel\sieges-worker.php" "676" >nul 2>&1
2025-12-23T17:29:53+00:00 | REDIRECT_HEADER_SENT http://192.168.1.30/panel/voir-activite.php?uid=676
2025-12-23T17:29:53+00:00 | shutdown: no fatal
2025-12-23T17:31:01+00:00 | START sieges.php REQUEST: /panel/sieges.php?ac=676&sou=/panel/voir-activite.php
2025-12-23T17:31:01+00:00 | SPAWNED_WORKER cmd=cmd /c start /B "" C:^\winamp64^\bin^\apache^\apache2.4.62.1^\bin^\httpd.exe -f "C:\Users\MSI\Desktop\www\panel\sieges-worker.php" "676" >nul 2>&1
2025-12-23T17:31:01+00:00 | REDIRECT_HEADER_SENT http://192.168.1.30/panel/voir-activite.php?uid=676
2025-12-23T17:31:01+00:00 | shutdown: no fatal
2025-12-23T17:36:03+00:00 | START sieges.php REQUEST: /panel/sieges.php?ac=676&sou=/panel/voir-activite.php
2025-12-23T17:36:03+00:00 | SPAWNED_WORKER cmd=cmd /c start /B "" C:^\winamp64^\bin^\apache^\apache2.4.62.1^\bin^\httpd.exe -f "C:\Users\MSI\Desktop\www\panel\sieges-worker.php" "676" >nul 2>&1
2025-12-23T17:36:03+00:00 | REDIRECT_HEADER_SENT http://192.168.1.30/panel/voir-activite.php?uid=676
2025-12-23T17:36:03+00:00 | shutdown: no fatal
2025-12-23T17:40:15+00:00 | START sieges.php REQUEST: /panel/sieges.php?ac=676&sou=/panel/voir-activite.php
2025-12-23T17:40:15+00:00 | SPAWNED_WORKER cmd=cmd /c start /B "" C:^\winamp64^\bin^\apache^\apache2.4.62.1^\bin^\httpd.exe -f "C:\Users\MSI\Desktop\www\panel\sieges-worker.php" "676" >nul 2>&1
2025-12-23T17:40:15+00:00 | REDIRECT_HEADER_SENT http://192.168.1.30/panel/voir-activite.php?uid=676
2025-12-23T17:40:15+00:00 | shutdown: no fatal
2025-12-23T17:45:25+00:00 | START sieges.php REQUEST: /panel/sieges.php?ac=676&sou=/panel/voir-activite.php
2025-12-23T17:48:13+00:00 | START sieges.php REQUEST: /panel/sieges.php?ac=676&sou=/panel/voir-activite.php
2025-12-23T17:48:13+00:00 | SPAWN_ATTEMPT n=1 cmd=cmd /c start /B "" php -f "C:\Users\MSI\Desktop\www\panel\sieges-worker.php" "676" >nul 2>&1
2025-12-23T17:49:07+00:00 | CLEARED_RUNNING act=676 by=265
2025-12-23T17:49:16+00:00 | START sieges.php REQUEST: /panel/sieges.php?ac=676&sou=/panel/voir-activite.php
2025-12-23T17:49:16+00:00 | SPAWN_ATTEMPT n=1 cmd=cmd /c start /B "" php -f "C:\Users\MSI\Desktop\www\panel\sieges-worker.php" "676" >nul 2>&1
2025-12-23T17:52:34+00:00 | START sieges.php REQUEST: /panel/sieges.php?ac=676&sou=/panel/voir-activite.php
2025-12-23T17:52:34+00:00 | SPAWN_ATTEMPT n=1 cmd=cmd /c start /B "" php -f "C:\Users\MSI\Desktop\www\panel\sieges-worker.php" "676" >nul 2>&1
2025-12-23T17:54:26+00:00 | START sieges.php REQUEST: /panel/sieges.php?ac=676&sou=/panel/voir-activite.php
2025-12-23T17:54:26+00:00 | SPAWN_ATTEMPT n=1 cmd=cmd /c start /B "" php -f "C:\Users\MSI\Desktop\www\panel\sieges-worker.php" "676" >nul 2>&1
2025-12-23T17:54:42+00:00 | START sieges.php REQUEST: /panel/sieges.php?ac=676&sou=/panel/voir-activite.php
2025-12-23T17:54:42+00:00 | SPAWN_SKIPPED reason=lock age=16
2025-12-23T17:54:42+00:00 | REDIRECT_HEADER_SENT http://192.168.1.30/panel/voir-activite.php?uid=676
2025-12-23T17:54:42+00:00 | shutdown: no fatal
2025-12-23T17:54:59+00:00 | START sieges.php REQUEST: /panel/sieges.php?ac=676&sou=/panel/voir-activite.php
2025-12-23T17:54:59+00:00 | SPAWN_SKIPPED reason=lock age=33
2025-12-23T17:54:59+00:00 | REDIRECT_HEADER_SENT http://192.168.1.30/panel/voir-activite.php?uid=676
2025-12-23T17:54:59+00:00 | shutdown: no fatal
2025-12-23T17:58:04+00:00 | START sieges.php REQUEST: /panel/sieges.php?ac=676&sou=/panel/voir-activite.php
2025-12-23T17:58:04+00:00 | STALE_LOCK_REMOVED age=218
2025-12-23T17:58:04+00:00 | SPAWN_ATTEMPT n=1 cmd=cmd /c start /B "" php -f "C:\Users\MSI\Desktop\www\panel\sieges-worker.php" "676" >nul 2>&1
2025-12-23T17:59:44+00:00 | START sieges.php REQUEST: /panel/sieges.php?ac=676&sou=/panel/voir-activite.php
2025-12-23T17:59:44+00:00 | STALE_LOCK_REMOVED age=100
2025-12-23T17:59:44+00:00 | SPAWN_ATTEMPT n=1 cmd=cmd /c start /B "" php -f "C:\Users\MSI\Desktop\www\panel\sieges-worker.php" "676" >nul 2>&1
2025-12-23T18:05:30+00:00 | START sieges.php REQUEST: /panel/sieges.php?ac=676&sou=/panel/voir-activite.php
2025-12-23T18:05:30+00:00 | STALE_LOCK_REMOVED age=346
2025-12-23T18:05:30+00:00 | SPAWN_ATTEMPT n=1 cmd=cmd /c start /B "" php -f "C:\Users\MSI\Desktop\www\panel\sieges-worker.php" "676" >nul 2>&1
2025-12-23T18:09:41+00:00 | SYNC_RUN act=676 by=265
2025-12-23T18:12:13+00:00 | CLEARED_RUNNING act=676 by=265
2025-12-23T18:12:20+00:00 | SYNC_RUN act=676 by=265
2025-12-23T18:13:57+00:00 | CLEARED_RUNNING act=676 by=265
2025-12-23T18:20:05+00:00 | SYNC_RUN act=676 by=265
2025-12-23T18:22:20+00:00 | CLEARED_RUNNING act=676 by=265
2025-12-23T18:22:26+00:00 | SYNC_RUN act=676 by=265
2025-12-23T18:25:31+00:00 | TEST_RUN start act=676 cmd=C:^\Users^\MSI^\Desktop^\www^\panel^\sieges-run.bat 676
2025-12-23T18:25:31+00:00 | TEST_RUN done act=676 rc=9009
2025-12-23T18:26:49+00:00 | SYNC_RUN act=676 by=265
2025-12-23T18:34:36+00:00 | CLEARED_RUNNING_AUTO act=676 by=265 auto=1
2025-12-23T18:34:37+00:00 | START sieges.php REQUEST: /panel/sieges.php?ac=676&sou=/panel/voir-activite.php&auto=1
2025-12-23T18:34:37+00:00 | AUTO_RETRY_REQUEST act=676 by=auto
2025-12-23T18:34:37+00:00 | STALE_LOCK_REMOVED age=1747
2025-12-23T18:34:37+00:00 | SPAWN_ATTEMPT n=1 cmd=cmd /c start /B "" "C:\Users\MSI\Desktop\www\panel\sieges-run.bat" 676
2025-12-23T18:34:37+00:00 | SPAWN_VERIFY n=1 found=1
2025-12-23T18:34:37+00:00 | SPAWN_RESULT success=1 attempts=1
2025-12-23T18:34:37+00:00 | SPAWNED_WORKER cmd=cmd /c start /B "" "C:\winamp64\bin\php\php8.1.31\php.exe" -f "C:\Users\MSI\Desktop\www\panel\sieges-worker.php" "676" >nul 2>&1
2025-12-23T18:34:37+00:00 | REDIRECT_HEADER_SENT http://192.168.1.30/panel/voir-activite.php?uid=676
2025-12-23T18:34:37+00:00 | shutdown: no fatal
2025-12-23T18:35:25+00:00 | SYNC_RUN act=676 by=265
2025-12-23T18:37:05+00:00 | CLEARED_RUNNING act=676 by=265
2025-12-23T18:37:11+00:00 | SYNC_RUN act=676 by=265
2025-12-23T18:38:12+00:00 | CLEARED_RUNNING act=676 by=265
2025-12-23T18:52:05+00:00 | SYNC_RUN act=676 by=265
2025-12-23T18:55:13+00:00 | SYNC_RUN act=676 by=265
2025-12-23T18:55:15+00:00 | SYNC_RUN act=676 by=265
2025-12-23T18:55:29+00:00 | SYNC_RUN act=676 by=265
2025-12-23T18:55:31+00:00 | SYNC_RUN act=676 by=265
2025-12-23T19:46:02+00:00 | CLEARED_RUNNING act=676 by=265
2025-12-23T19:49:32+00:00 | START sieges.php REQUEST: /panel/sieges.php?ac=676&force_fail=1&debug_mode=1&auto=1&sou=/panel/voir-activite.php
2025-12-23T19:49:32+00:00 | AUTO_RETRY_REQUEST act=676 by=auto
2025-12-23T19:49:33+00:00 | FORCE_FAIL_MODE act=676
2025-12-23T19:49:33+00:00 | SPAWN_ATTEMPT n=1 cmd=cmd /c start /B "" "C:\nonexistent\failme.bat" 676
2025-12-23T19:51:08+00:00 | START sieges.php REQUEST: /panel/sieges.php?ac=676&force_fail=1&debug_mode=1&auto=1&sou=/panel/voir-activite.php
2025-12-23T19:51:08+00:00 | AUTO_RETRY_REQUEST act=676 by=auto
2025-12-23T19:51:08+00:00 | STALE_LOCK_REMOVED age=96
2025-12-23T19:51:08+00:00 | FORCE_FAIL_MODE act=676
2025-12-23T19:51:08+00:00 | SPAWN_ATTEMPT n=1 cmd=cmd /c start /B "" "C:\nonexistent\failme.bat" 676
2025-12-23T19:52:04+00:00 | SYNC_RUN act=676 by=265
2025-12-23T20:02:05+00:00 | CLEARED_RUNNING_AUTO act=676 by=265 auto=1
2025-12-23T20:02:05+00:00 | START sieges.php REQUEST: /panel/sieges.php?ac=676&sou=/panel/voir-activite.php&auto=1
2025-12-23T20:02:05+00:00 | AUTO_RETRY_REQUEST act=676 by=auto
2025-12-23T20:02:05+00:00 | STALE_LOCK_REMOVED age=657
2025-12-23T20:02:05+00:00 | SPAWN_ATTEMPT n=1 cmd=cmd /c start /B "" "C:\Users\MSI\Desktop\www\panel\sieges-run.bat" 676
2025-12-23T20:02:05+00:00 | SPAWN_VERIFY n=1 found=1
2025-12-23T20:02:05+00:00 | SPAWN_RESULT success=1 attempts=1
2025-12-23T20:02:05+00:00 | SPAWNED_WORKER cmd=cmd /c start /B "" "C:\winamp64\bin\php\php8.1.31\php.exe" -f "C:\Users\MSI\Desktop\www\panel\sieges-worker.php" "676" >nul 2>&1
2025-12-23T20:02:05+00:00 | REDIRECT_HEADER_SENT http://192.168.1.30/panel/voir-activite.php?uid=676
2025-12-23T20:02:05+00:00 | shutdown: no fatal
2025-12-23T20:02:11+00:00 | SYNC_RUN act=676 by=265
2025-12-23T20:02:18+00:00 | CLEARED_RUNNING act=676 by=265
2025-12-23T20:02:25+00:00 | START sieges.php REQUEST: /panel/sieges.php?ac=676&force_fail=1&debug_mode=1&auto=1&sou=/panel/voir-activite.php
2025-12-23T20:02:25+00:00 | AUTO_RETRY_REQUEST act=676 by=auto
2025-12-23T20:02:25+00:00 | FORCE_FAIL_MODE act=676
2025-12-23T20:02:25+00:00 | SPAWN_ATTEMPT n=1 cmd=cmd /c start /B "" "C:\nonexistent\failme.bat" 676
2025-12-24T12:10:09+00:00 | SYNC_RUN act=676 by=265
2025-12-24T12:10:46+00:00 | SYNC_RUN act=676 by=265
2025-12-24T12:12:46+00:00 | SYNC_RUN act=676 by=265
2025-12-24T12:15:13+00:00 | CLEARED_RUNNING act=676 by=265
